/home/estudiante/evalRend2610/Soluciones/mxmPosixFxC-100-Hilos-1.dat 
/home/estudiante/evalRend2610/bin/mxmPosixFxC 100 1 
/home/estudiante/evalRend2610/bin/mxmPosixFxC 100 1 
/home/estudiante/evalRend2610/bin/mxmPosixFxC 100 1 
/home/estudiante/evalRend2610/bin/mxmPosixFxC 100 1 
/home/estudiante/evalRend2610/Soluciones/mxmPosixFxC-100-Hilos-2.dat 
/home/estudiante/evalRend2610/bin/mxmPosixFxC 100 2 
/home/estudiante/evalRend2610/bin/mxmPosixFxC 100 2 
/home/estudiante/evalRend2610/bin/mxmPosixFxC 100 2 
/home/estudiante/evalRend2610/bin/mxmPosixFxC 100 2 
/home/estudiante/evalRend2610/Soluciones/mxmPosixFxC-200-Hilos-1.dat 
/home/estudiante/evalRend2610/bin/mxmPosixFxC 200 1 
/home/estudiante/evalRend2610/bin/mxmPosixFxC 200 1 
/home/estudiante/evalRend2610/bin/mxmPosixFxC 200 1 
/home/estudiante/evalRend2610/bin/mxmPosixFxC 200 1 
/home/estudiante/evalRend2610/Soluciones/mxmPosixFxC-200-Hilos-2.dat 
/home/estudiante/evalRend2610/bin/mxmPosixFxC 200 2 
/home/estudiante/evalRend2610/bin/mxmPosixFxC 200 2 
/home/estudiante/evalRend2610/bin/mxmPosixFxC 200 2 
/home/estudiante/evalRend2610/bin/mxmPosixFxC 200 2 
/home/estudiante/evalRend2610/Soluciones/mxmPosixFxT-100-Hilos-1.dat 
/home/estudiante/evalRend2610/bin/mxmPosixFxT 100 1 
/home/estudiante/evalRend2610/bin/mxmPosixFxT 100 1 
/home/estudiante/evalRend2610/bin/mxmPosixFxT 100 1 
/home/estudiante/evalRend2610/bin/mxmPosixFxT 100 1 
/home/estudiante/evalRend2610/Soluciones/mxmPosixFxT-100-Hilos-2.dat 
/home/estudiante/evalRend2610/bin/mxmPosixFxT 100 2 
/home/estudiante/evalRend2610/bin/mxmPosixFxT 100 2 
/home/estudiante/evalRend2610/bin/mxmPosixFxT 100 2 
/home/estudiante/evalRend2610/bin/mxmPosixFxT 100 2 
/home/estudiante/evalRend2610/Soluciones/mxmPosixFxT-200-Hilos-1.dat 
/home/estudiante/evalRend2610/bin/mxmPosixFxT 200 1 
/home/estudiante/evalRend2610/bin/mxmPosixFxT 200 1 
/home/estudiante/evalRend2610/bin/mxmPosixFxT 200 1 
/home/estudiante/evalRend2610/bin/mxmPosixFxT 200 1 
/home/estudiante/evalRend2610/Soluciones/mxmPosixFxT-200-Hilos-2.dat 
/home/estudiante/evalRend2610/bin/mxmPosixFxT 200 2 
/home/estudiante/evalRend2610/bin/mxmPosixFxT 200 2 
/home/estudiante/evalRend2610/bin/mxmPosixFxT 200 2 
/home/estudiante/evalRend2610/bin/mxmPosixFxT 200 2 
/home/estudiante/evalRend2610/Soluciones/mxmForkFxC-100-Hilos-1.dat 
/home/estudiante/evalRend2610/bin/mxmForkFxC 100 1 
/home/estudiante/evalRend2610/bin/mxmForkFxC 100 1 
/home/estudiante/evalRend2610/bin/mxmForkFxC 100 1 
/home/estudiante/evalRend2610/bin/mxmForkFxC 100 1 
/home/estudiante/evalRend2610/Soluciones/mxmForkFxC-100-Hilos-2.dat 
/home/estudiante/evalRend2610/bin/mxmForkFxC 100 2 
/home/estudiante/evalRend2610/bin/mxmForkFxC 100 2 
/home/estudiante/evalRend2610/bin/mxmForkFxC 100 2 
/home/estudiante/evalRend2610/bin/mxmForkFxC 100 2 
/home/estudiante/evalRend2610/Soluciones/mxmForkFxC-200-Hilos-1.dat 
/home/estudiante/evalRend2610/bin/mxmForkFxC 200 1 
/home/estudiante/evalRend2610/bin/mxmForkFxC 200 1 
/home/estudiante/evalRend2610/bin/mxmForkFxC 200 1 
/home/estudiante/evalRend2610/bin/mxmForkFxC 200 1 
/home/estudiante/evalRend2610/Soluciones/mxmForkFxC-200-Hilos-2.dat 
/home/estudiante/evalRend2610/bin/mxmForkFxC 200 2 
/home/estudiante/evalRend2610/bin/mxmForkFxC 200 2 
/home/estudiante/evalRend2610/bin/mxmForkFxC 200 2 
/home/estudiante/evalRend2610/bin/mxmForkFxC 200 2 
/home/estudiante/evalRend2610/Soluciones/mxmForkFxT-100-Hilos-1.dat 
/home/estudiante/evalRend2610/bin/mxmForkFxT 100 1 
/home/estudiante/evalRend2610/bin/mxmForkFxT 100 1 
/home/estudiante/evalRend2610/bin/mxmForkFxT 100 1 
/home/estudiante/evalRend2610/bin/mxmForkFxT 100 1 
/home/estudiante/evalRend2610/Soluciones/mxmForkFxT-100-Hilos-2.dat 
/home/estudiante/evalRend2610/bin/mxmForkFxT 100 2 
/home/estudiante/evalRend2610/bin/mxmForkFxT 100 2 
/home/estudiante/evalRend2610/bin/mxmForkFxT 100 2 
/home/estudiante/evalRend2610/bin/mxmForkFxT 100 2 
/home/estudiante/evalRend2610/Soluciones/mxmForkFxT-200-Hilos-1.dat 
/home/estudiante/evalRend2610/bin/mxmForkFxT 200 1 
/home/estudiante/evalRend2610/bin/mxmForkFxT 200 1 
/home/estudiante/evalRend2610/bin/mxmForkFxT 200 1 
/home/estudiante/evalRend2610/bin/mxmForkFxT 200 1 
/home/estudiante/evalRend2610/Soluciones/mxmForkFxT-200-Hilos-2.dat 
/home/estudiante/evalRend2610/bin/mxmForkFxT 200 2 
/home/estudiante/evalRend2610/bin/mxmForkFxT 200 2 
/home/estudiante/evalRend2610/bin/mxmForkFxT 200 2 
/home/estudiante/evalRend2610/bin/mxmForkFxT 200 2 
/home/estudiante/evalRend2610/Soluciones/mxmPosixFxC-100-Hilos-1.dat 
/home/estudiante/evalRend2610/bin/mxmPosixFxC 100 1 
/home/estudiante/evalRend2610/bin/mxmPosixFxC 100 1 
/home/estudiante/evalRend2610/bin/mxmPosixFxC 100 1 
/home/estudiante/evalRend2610/bin/mxmPosixFxC 100 1 
/home/estudiante/evalRend2610/Soluciones/mxmPosixFxC-100-Hilos-2.dat 
/home/estudiante/evalRend2610/bin/mxmPosixFxC 100 2 
/home/estudiante/evalRend2610/bin/mxmPosixFxC 100 2 
/home/estudiante/evalRend2610/bin/mxmPosixFxC 100 2 
/home/estudiante/evalRend2610/bin/mxmPosixFxC 100 2 
/home/estudiante/evalRend2610/Soluciones/mxmPosixFxC-200-Hilos-1.dat 
/home/estudiante/evalRend2610/bin/mxmPosixFxC 200 1 
/home/estudiante/evalRend2610/bin/mxmPosixFxC 200 1 
/home/estudiante/evalRend2610/bin/mxmPosixFxC 200 1 
/home/estudiante/evalRend2610/bin/mxmPosixFxC 200 1 
/home/estudiante/evalRend2610/Soluciones/mxmPosixFxC-200-Hilos-2.dat 
/home/estudiante/evalRend2610/bin/mxmPosixFxC 200 2 
/home/estudiante/evalRend2610/bin/mxmPosixFxC 200 2 
/home/estudiante/evalRend2610/bin/mxmPosixFxC 200 2 
/home/estudiante/evalRend2610/bin/mxmPosixFxC 200 2 
/home/estudiante/evalRend2610/Soluciones/mxmPosixFxT-100-Hilos-1.dat 
/home/estudiante/evalRend2610/bin/mxmPosixFxT 100 1 
/home/estudiante/evalRend2610/bin/mxmPosixFxT 100 1 
/home/estudiante/evalRend2610/bin/mxmPosixFxT 100 1 
/home/estudiante/evalRend2610/bin/mxmPosixFxT 100 1 
/home/estudiante/evalRend2610/Soluciones/mxmPosixFxT-100-Hilos-2.dat 
/home/estudiante/evalRend2610/bin/mxmPosixFxT 100 2 
/home/estudiante/evalRend2610/bin/mxmPosixFxT 100 2 
/home/estudiante/evalRend2610/bin/mxmPosixFxT 100 2 
/home/estudiante/evalRend2610/bin/mxmPosixFxT 100 2 
/home/estudiante/evalRend2610/Soluciones/mxmPosixFxT-200-Hilos-1.dat 
/home/estudiante/evalRend2610/bin/mxmPosixFxT 200 1 
/home/estudiante/evalRend2610/bin/mxmPosixFxT 200 1 
/home/estudiante/evalRend2610/bin/mxmPosixFxT 200 1 
/home/estudiante/evalRend2610/bin/mxmPosixFxT 200 1 
/home/estudiante/evalRend2610/Soluciones/mxmPosixFxT-200-Hilos-2.dat 
/home/estudiante/evalRend2610/bin/mxmPosixFxT 200 2 
/home/estudiante/evalRend2610/bin/mxmPosixFxT 200 2 
/home/estudiante/evalRend2610/bin/mxmPosixFxT 200 2 
/home/estudiante/evalRend2610/bin/mxmPosixFxT 200 2 
/home/estudiante/evalRend2610/Soluciones/mxmForkFxC-100-Hilos-1.dat 
/home/estudiante/evalRend2610/bin/mxmForkFxC 100 1 
/home/estudiante/evalRend2610/bin/mxmForkFxC 100 1 
/home/estudiante/evalRend2610/bin/mxmForkFxC 100 1 
/home/estudiante/evalRend2610/bin/mxmForkFxC 100 1 
/home/estudiante/evalRend2610/Soluciones/mxmForkFxC-100-Hilos-2.dat 
/home/estudiante/evalRend2610/bin/mxmForkFxC 100 2 
/home/estudiante/evalRend2610/bin/mxmForkFxC 100 2 
/home/estudiante/evalRend2610/bin/mxmForkFxC 100 2 
/home/estudiante/evalRend2610/bin/mxmForkFxC 100 2 
/home/estudiante/evalRend2610/Soluciones/mxmForkFxC-200-Hilos-1.dat 
/home/estudiante/evalRend2610/bin/mxmForkFxC 200 1 
/home/estudiante/evalRend2610/bin/mxmForkFxC 200 1 
/home/estudiante/evalRend2610/bin/mxmForkFxC 200 1 
/home/estudiante/evalRend2610/bin/mxmForkFxC 200 1 
/home/estudiante/evalRend2610/Soluciones/mxmForkFxC-200-Hilos-2.dat 
/home/estudiante/evalRend2610/bin/mxmForkFxC 200 2 
/home/estudiante/evalRend2610/bin/mxmForkFxC 200 2 
/home/estudiante/evalRend2610/bin/mxmForkFxC 200 2 
/home/estudiante/evalRend2610/bin/mxmForkFxC 200 2 
/home/estudiante/evalRend2610/Soluciones/mxmForkFxT-100-Hilos-1.dat 
/home/estudiante/evalRend2610/bin/mxmForkFxT 100 1 
/home/estudiante/evalRend2610/bin/mxmForkFxT 100 1 
/home/estudiante/evalRend2610/bin/mxmForkFxT 100 1 
/home/estudiante/evalRend2610/bin/mxmForkFxT 100 1 
/home/estudiante/evalRend2610/Soluciones/mxmForkFxT-100-Hilos-2.dat 
/home/estudiante/evalRend2610/bin/mxmForkFxT 100 2 
/home/estudiante/evalRend2610/bin/mxmForkFxT 100 2 
/home/estudiante/evalRend2610/bin/mxmForkFxT 100 2 
/home/estudiante/evalRend2610/bin/mxmForkFxT 100 2 
/home/estudiante/evalRend2610/Soluciones/mxmForkFxT-200-Hilos-1.dat 
/home/estudiante/evalRend2610/bin/mxmForkFxT 200 1 
/home/estudiante/evalRend2610/bin/mxmForkFxT 200 1 
/home/estudiante/evalRend2610/bin/mxmForkFxT 200 1 
/home/estudiante/evalRend2610/bin/mxmForkFxT 200 1 
/home/estudiante/evalRend2610/Soluciones/mxmForkFxT-200-Hilos-2.dat 
/home/estudiante/evalRend2610/bin/mxmForkFxT 200 2 
/home/estudiante/evalRend2610/bin/mxmForkFxT 200 2 
/home/estudiante/evalRend2610/bin/mxmForkFxT 200 2 
/home/estudiante/evalRend2610/bin/mxmForkFxT 200 2 
/home/estudiante/evalRend2610/Soluciones/mxmPosixFxC-200-Hilos-1.dat 
/home/estudiante/evalRend2610/bin/mxmPosixFxC 200 1 
/home/estudiante/evalRend2610/bin/mxmPosixFxC 200 1 
/home/estudiante/evalRend2610/bin/mxmPosixFxC 200 1 
/home/estudiante/evalRend2610/bin/mxmPosixFxC 200 1 
/home/estudiante/evalRend2610/bin/mxmPosixFxC 200 1 
/home/estudiante/evalRend2610/bin/mxmPosixFxC 200 1 
/home/estudiante/evalRend2610/bin/mxmPosixFxC 200 1 
/home/estudiante/evalRend2610/bin/mxmPosixFxC 200 1 
/home/estudiante/evalRend2610/bin/mxmPosixFxC 200 1 
/home/estudiante/evalRend2610/bin/mxmPosixFxC 200 1 
/home/estudiante/evalRend2610/bin/mxmPosixFxC 200 1 
/home/estudiante/evalRend2610/bin/mxmPosixFxC 200 1 
/home/estudiante/evalRend2610/bin/mxmPosixFxC 200 1 
/home/estudiante/evalRend2610/bin/mxmPosixFxC 200 1 
/home/estudiante/evalRend2610/bin/mxmPosixFxC 200 1 
/home/estudiante/evalRend2610/bin/mxmPosixFxC 200 1 
/home/estudiante/evalRend2610/bin/mxmPosixFxC 200 1 
/home/estudiante/evalRend2610/bin/mxmPosixFxC 200 1 
/home/estudiante/evalRend2610/bin/mxmPosixFxC 200 1 
/home/estudiante/evalRend2610/bin/mxmPosixFxC 200 1 
/home/estudiante/evalRend2610/bin/mxmPosixFxC 200 1 
/home/estudiante/evalRend2610/bin/mxmPosixFxC 200 1 
/home/estudiante/evalRend2610/bin/mxmPosixFxC 200 1 
/home/estudiante/evalRend2610/bin/mxmPosixFxC 200 1 
/home/estudiante/evalRend2610/bin/mxmPosixFxC 200 1 
/home/estudiante/evalRend2610/bin/mxmPosixFxC 200 1 
/home/estudiante/evalRend2610/bin/mxmPosixFxC 200 1 
/home/estudiante/evalRend2610/bin/mxmPosixFxC 200 1 
/home/estudiante/evalRend2610/bin/mxmPosixFxC 200 1 
/home/estudiante/evalRend2610/bin/mxmPosixFxC 200 1 
/home/estudiante/evalRend2610/Soluciones/mxmPosixFxC-200-Hilos-2.dat 
/home/estudiante/evalRend2610/bin/mxmPosixFxC 200 2 
/home/estudiante/evalRend2610/bin/mxmPosixFxC 200 2 
/home/estudiante/evalRend2610/bin/mxmPosixFxC 200 2 
/home/estudiante/evalRend2610/bin/mxmPosixFxC 200 2 
/home/estudiante/evalRend2610/bin/mxmPosixFxC 200 2 
/home/estudiante/evalRend2610/bin/mxmPosixFxC 200 2 
/home/estudiante/evalRend2610/bin/mxmPosixFxC 200 2 
/home/estudiante/evalRend2610/bin/mxmPosixFxC 200 2 
/home/estudiante/evalRend2610/bin/mxmPosixFxC 200 2 
/home/estudiante/evalRend2610/bin/mxmPosixFxC 200 2 
/home/estudiante/evalRend2610/bin/mxmPosixFxC 200 2 
/home/estudiante/evalRend2610/bin/mxmPosixFxC 200 2 
/home/estudiante/evalRend2610/bin/mxmPosixFxC 200 2 
/home/estudiante/evalRend2610/bin/mxmPosixFxC 200 2 
/home/estudiante/evalRend2610/bin/mxmPosixFxC 200 2 
/home/estudiante/evalRend2610/bin/mxmPosixFxC 200 2 
/home/estudiante/evalRend2610/bin/mxmPosixFxC 200 2 
/home/estudiante/evalRend2610/bin/mxmPosixFxC 200 2 
/home/estudiante/evalRend2610/bin/mxmPosixFxC 200 2 
/home/estudiante/evalRend2610/bin/mxmPosixFxC 200 2 
/home/estudiante/evalRend2610/bin/mxmPosixFxC 200 2 
/home/estudiante/evalRend2610/bin/mxmPosixFxC 200 2 
/home/estudiante/evalRend2610/bin/mxmPosixFxC 200 2 
/home/estudiante/evalRend2610/bin/mxmPosixFxC 200 2 
/home/estudiante/evalRend2610/bin/mxmPosixFxC 200 2 
/home/estudiante/evalRend2610/bin/mxmPosixFxC 200 2 
/home/estudiante/evalRend2610/bin/mxmPosixFxC 200 2 
/home/estudiante/evalRend2610/bin/mxmPosixFxC 200 2 
/home/estudiante/evalRend2610/bin/mxmPosixFxC 200 2 
/home/estudiante/evalRend2610/bin/mxmPosixFxC 200 2 
/home/estudiante/evalRend2610/Soluciones/mxmPosixFxC-200-Hilos-4.dat 
/home/estudiante/evalRend2610/bin/mxmPosixFxC 200 4 
/home/estudiante/evalRend2610/bin/mxmPosixFxC 200 4 
/home/estudiante/evalRend2610/bin/mxmPosixFxC 200 4 
/home/estudiante/evalRend2610/bin/mxmPosixFxC 200 4 
/home/estudiante/evalRend2610/bin/mxmPosixFxC 200 4 
/home/estudiante/evalRend2610/bin/mxmPosixFxC 200 4 
/home/estudiante/evalRend2610/bin/mxmPosixFxC 200 4 
/home/estudiante/evalRend2610/bin/mxmPosixFxC 200 4 
/home/estudiante/evalRend2610/bin/mxmPosixFxC 200 4 
/home/estudiante/evalRend2610/bin/mxmPosixFxC 200 4 
/home/estudiante/evalRend2610/bin/mxmPosixFxC 200 4 
/home/estudiante/evalRend2610/bin/mxmPosixFxC 200 4 
/home/estudiante/evalRend2610/bin/mxmPosixFxC 200 4 
/home/estudiante/evalRend2610/bin/mxmPosixFxC 200 4 
/home/estudiante/evalRend2610/bin/mxmPosixFxC 200 4 
/home/estudiante/evalRend2610/bin/mxmPosixFxC 200 4 
/home/estudiante/evalRend2610/bin/mxmPosixFxC 200 4 
/home/estudiante/evalRend2610/bin/mxmPosixFxC 200 4 
/home/estudiante/evalRend2610/bin/mxmPosixFxC 200 4 
/home/estudiante/evalRend2610/bin/mxmPosixFxC 200 4 
/home/estudiante/evalRend2610/bin/mxmPosixFxC 200 4 
/home/estudiante/evalRend2610/bin/mxmPosixFxC 200 4 
/home/estudiante/evalRend2610/bin/mxmPosixFxC 200 4 
/home/estudiante/evalRend2610/bin/mxmPosixFxC 200 4 
/home/estudiante/evalRend2610/bin/mxmPosixFxC 200 4 
/home/estudiante/evalRend2610/bin/mxmPosixFxC 200 4 
/home/estudiante/evalRend2610/bin/mxmPosixFxC 200 4 
/home/estudiante/evalRend2610/bin/mxmPosixFxC 200 4 
/home/estudiante/evalRend2610/bin/mxmPosixFxC 200 4 
/home/estudiante/evalRend2610/bin/mxmPosixFxC 200 4 
/home/estudiante/evalRend2610/Soluciones/mxmPosixFxC-800-Hilos-1.dat 
/home/estudiante/evalRend2610/bin/mxmPosixFxC 800 1 
/home/estudiante/evalRend2610/bin/mxmPosixFxC 800 1 
/home/estudiante/evalRend2610/bin/mxmPosixFxC 800 1 
/home/estudiante/evalRend2610/bin/mxmPosixFxC 800 1 
/home/estudiante/evalRend2610/bin/mxmPosixFxC 800 1 
/home/estudiante/evalRend2610/bin/mxmPosixFxC 800 1 
/home/estudiante/evalRend2610/bin/mxmPosixFxC 800 1 
/home/estudiante/evalRend2610/bin/mxmPosixFxC 800 1 
/home/estudiante/evalRend2610/bin/mxmPosixFxC 800 1 
/home/estudiante/evalRend2610/bin/mxmPosixFxC 800 1 
/home/estudiante/evalRend2610/bin/mxmPosixFxC 800 1 
/home/estudiante/evalRend2610/bin/mxmPosixFxC 800 1 
/home/estudiante/evalRend2610/bin/mxmPosixFxC 800 1 
/home/estudiante/evalRend2610/bin/mxmPosixFxC 800 1 
/home/estudiante/evalRend2610/bin/mxmPosixFxC 800 1 
/home/estudiante/evalRend2610/bin/mxmPosixFxC 800 1 
/home/estudiante/evalRend2610/bin/mxmPosixFxC 800 1 
/home/estudiante/evalRend2610/bin/mxmPosixFxC 800 1 
/home/estudiante/evalRend2610/bin/mxmPosixFxC 800 1 
/home/estudiante/evalRend2610/bin/mxmPosixFxC 800 1 
/home/estudiante/evalRend2610/bin/mxmPosixFxC 800 1 
/home/estudiante/evalRend2610/bin/mxmPosixFxC 800 1 
/home/estudiante/evalRend2610/bin/mxmPosixFxC 800 1 
/home/estudiante/evalRend2610/bin/mxmPosixFxC 800 1 
/home/estudiante/evalRend2610/bin/mxmPosixFxC 800 1 
/home/estudiante/evalRend2610/bin/mxmPosixFxC 800 1 
/home/estudiante/evalRend2610/bin/mxmPosixFxC 800 1 
/home/estudiante/evalRend2610/bin/mxmPosixFxC 800 1 
/home/estudiante/evalRend2610/bin/mxmPosixFxC 800 1 
/home/estudiante/evalRend2610/bin/mxmPosixFxC 800 1 
/home/estudiante/evalRend2610/Soluciones/mxmPosixFxC-800-Hilos-2.dat 
/home/estudiante/evalRend2610/bin/mxmPosixFxC 800 2 
/home/estudiante/evalRend2610/bin/mxmPosixFxC 800 2 
/home/estudiante/evalRend2610/bin/mxmPosixFxC 800 2 
/home/estudiante/evalRend2610/bin/mxmPosixFxC 800 2 
/home/estudiante/evalRend2610/bin/mxmPosixFxC 800 2 
/home/estudiante/evalRend2610/bin/mxmPosixFxC 800 2 
/home/estudiante/evalRend2610/bin/mxmPosixFxC 800 2 
/home/estudiante/evalRend2610/bin/mxmPosixFxC 800 2 
/home/estudiante/evalRend2610/bin/mxmPosixFxC 800 2 
/home/estudiante/evalRend2610/bin/mxmPosixFxC 800 2 
/home/estudiante/evalRend2610/bin/mxmPosixFxC 800 2 
/home/estudiante/evalRend2610/bin/mxmPosixFxC 800 2 
/home/estudiante/evalRend2610/bin/mxmPosixFxC 800 2 
/home/estudiante/evalRend2610/bin/mxmPosixFxC 800 2 
/home/estudiante/evalRend2610/bin/mxmPosixFxC 800 2 
/home/estudiante/evalRend2610/bin/mxmPosixFxC 800 2 
/home/estudiante/evalRend2610/bin/mxmPosixFxC 800 2 
/home/estudiante/evalRend2610/bin/mxmPosixFxC 800 2 
/home/estudiante/evalRend2610/bin/mxmPosixFxC 800 2 
/home/estudiante/evalRend2610/bin/mxmPosixFxC 800 2 
/home/estudiante/evalRend2610/bin/mxmPosixFxC 800 2 
/home/estudiante/evalRend2610/bin/mxmPosixFxC 800 2 
/home/estudiante/evalRend2610/bin/mxmPosixFxC 800 2 
/home/estudiante/evalRend2610/bin/mxmPosixFxC 800 2 
/home/estudiante/evalRend2610/bin/mxmPosixFxC 800 2 
/home/estudiante/evalRend2610/bin/mxmPosixFxC 800 2 
/home/estudiante/evalRend2610/bin/mxmPosixFxC 800 2 
/home/estudiante/evalRend2610/bin/mxmPosixFxC 800 2 
/home/estudiante/evalRend2610/bin/mxmPosixFxC 800 2 
/home/estudiante/evalRend2610/bin/mxmPosixFxC 800 2 
/home/estudiante/evalRend2610/Soluciones/mxmPosixFxC-800-Hilos-4.dat 
/home/estudiante/evalRend2610/bin/mxmPosixFxC 800 4 
/home/estudiante/evalRend2610/bin/mxmPosixFxC 800 4 
/home/estudiante/evalRend2610/bin/mxmPosixFxC 800 4 
/home/estudiante/evalRend2610/bin/mxmPosixFxC 800 4 
/home/estudiante/evalRend2610/bin/mxmPosixFxC 800 4 
/home/estudiante/evalRend2610/bin/mxmPosixFxC 800 4 
/home/estudiante/evalRend2610/bin/mxmPosixFxC 800 4 
/home/estudiante/evalRend2610/bin/mxmPosixFxC 800 4 
/home/estudiante/evalRend2610/bin/mxmPosixFxC 800 4 
/home/estudiante/evalRend2610/bin/mxmPosixFxC 800 4 
/home/estudiante/evalRend2610/bin/mxmPosixFxC 800 4 
/home/estudiante/evalRend2610/bin/mxmPosixFxC 800 4 
/home/estudiante/evalRend2610/bin/mxmPosixFxC 800 4 
/home/estudiante/evalRend2610/bin/mxmPosixFxC 800 4 
/home/estudiante/evalRend2610/bin/mxmPosixFxC 800 4 
/home/estudiante/evalRend2610/bin/mxmPosixFxC 800 4 
/home/estudiante/evalRend2610/bin/mxmPosixFxC 800 4 
/home/estudiante/evalRend2610/bin/mxmPosixFxC 800 4 
/home/estudiante/evalRend2610/bin/mxmPosixFxC 800 4 
/home/estudiante/evalRend2610/bin/mxmPosixFxC 800 4 
/home/estudiante/evalRend2610/bin/mxmPosixFxC 800 4 
/home/estudiante/evalRend2610/bin/mxmPosixFxC 800 4 
/home/estudiante/evalRend2610/bin/mxmPosixFxC 800 4 
/home/estudiante/evalRend2610/bin/mxmPosixFxC 800 4 
/home/estudiante/evalRend2610/bin/mxmPosixFxC 800 4 
/home/estudiante/evalRend2610/bin/mxmPosixFxC 800 4 
/home/estudiante/evalRend2610/bin/mxmPosixFxC 800 4 
/home/estudiante/evalRend2610/bin/mxmPosixFxC 800 4 
/home/estudiante/evalRend2610/bin/mxmPosixFxC 800 4 
/home/estudiante/evalRend2610/bin/mxmPosixFxC 800 4 
/home/estudiante/evalRend2610/Soluciones/mxmPosixFxC-1600-Hilos-1.dat 
/home/estudiante/evalRend2610/bin/mxmPosixFxC 1600 1 
/home/estudiante/evalRend2610/bin/mxmPosixFxC 1600 1 
/home/estudiante/evalRend2610/bin/mxmPosixFxC 1600 1 
/home/estudiante/evalRend2610/bin/mxmPosixFxC 1600 1 
/home/estudiante/evalRend2610/bin/mxmPosixFxC 1600 1 
/home/estudiante/evalRend2610/bin/mxmPosixFxC 1600 1 
/home/estudiante/evalRend2610/bin/mxmPosixFxC 1600 1 
/home/estudiante/evalRend2610/bin/mxmPosixFxC 1600 1 
/home/estudiante/evalRend2610/bin/mxmPosixFxC 1600 1 
/home/estudiante/evalRend2610/bin/mxmPosixFxC 1600 1 
/home/estudiante/evalRend2610/bin/mxmPosixFxC 1600 1 
/home/estudiante/evalRend2610/bin/mxmPosixFxC 1600 1 
/home/estudiante/evalRend2610/bin/mxmPosixFxC 1600 1 
/home/estudiante/evalRend2610/bin/mxmPosixFxC 1600 1 
/home/estudiante/evalRend2610/bin/mxmPosixFxC 1600 1 
/home/estudiante/evalRend2610/bin/mxmPosixFxC 1600 1 
/home/estudiante/evalRend2610/bin/mxmPosixFxC 1600 1 
/home/estudiante/evalRend2610/bin/mxmPosixFxC 1600 1 
/home/estudiante/evalRend2610/bin/mxmPosixFxC 1600 1 
/home/estudiante/evalRend2610/bin/mxmPosixFxC 1600 1 
/home/estudiante/evalRend2610/bin/mxmPosixFxC 1600 1 
/home/estudiante/evalRend2610/bin/mxmPosixFxC 1600 1 
/home/estudiante/evalRend2610/bin/mxmPosixFxC 1600 1 
/home/estudiante/evalRend2610/bin/mxmPosixFxC 1600 1 
/home/estudiante/evalRend2610/bin/mxmPosixFxC 1600 1 
/home/estudiante/evalRend2610/bin/mxmPosixFxC 1600 1 
/home/estudiante/evalRend2610/bin/mxmPosixFxC 1600 1 
/home/estudiante/evalRend2610/bin/mxmPosixFxC 1600 1 
/home/estudiante/evalRend2610/bin/mxmPosixFxC 1600 1 
/home/estudiante/evalRend2610/bin/mxmPosixFxC 1600 1 
/home/estudiante/evalRend2610/Soluciones/mxmPosixFxC-1600-Hilos-2.dat 
/home/estudiante/evalRend2610/bin/mxmPosixFxC 1600 2 
/home/estudiante/evalRend2610/bin/mxmPosixFxC 1600 2 
/home/estudiante/evalRend2610/bin/mxmPosixFxC 1600 2 
/home/estudiante/evalRend2610/bin/mxmPosixFxC 1600 2 
/home/estudiante/evalRend2610/bin/mxmPosixFxC 1600 2 
/home/estudiante/evalRend2610/bin/mxmPosixFxC 1600 2 
/home/estudiante/evalRend2610/bin/mxmPosixFxC 1600 2 
/home/estudiante/evalRend2610/bin/mxmPosixFxC 1600 2 
/home/estudiante/evalRend2610/bin/mxmPosixFxC 1600 2 
/home/estudiante/evalRend2610/bin/mxmPosixFxC 1600 2 
/home/estudiante/evalRend2610/bin/mxmPosixFxC 1600 2 
/home/estudiante/evalRend2610/bin/mxmPosixFxC 1600 2 
/home/estudiante/evalRend2610/bin/mxmPosixFxC 1600 2 
/home/estudiante/evalRend2610/bin/mxmPosixFxC 1600 2 
/home/estudiante/evalRend2610/bin/mxmPosixFxC 1600 2 
/home/estudiante/evalRend2610/bin/mxmPosixFxC 1600 2 
/home/estudiante/evalRend2610/bin/mxmPosixFxC 1600 2 
/home/estudiante/evalRend2610/bin/mxmPosixFxC 1600 2 
/home/estudiante/evalRend2610/bin/mxmPosixFxC 1600 2 
/home/estudiante/evalRend2610/bin/mxmPosixFxC 1600 2 
/home/estudiante/evalRend2610/bin/mxmPosixFxC 1600 2 
/home/estudiante/evalRend2610/bin/mxmPosixFxC 1600 2 
/home/estudiante/evalRend2610/bin/mxmPosixFxC 1600 2 
/home/estudiante/evalRend2610/bin/mxmPosixFxC 1600 2 
/home/estudiante/evalRend2610/bin/mxmPosixFxC 1600 2 
/home/estudiante/evalRend2610/bin/mxmPosixFxC 1600 2 
/home/estudiante/evalRend2610/bin/mxmPosixFxC 1600 2 
/home/estudiante/evalRend2610/bin/mxmPosixFxC 1600 2 
/home/estudiante/evalRend2610/bin/mxmPosixFxC 1600 2 
/home/estudiante/evalRend2610/bin/mxmPosixFxC 1600 2 
/home/estudiante/evalRend2610/Soluciones/mxmPosixFxC-1600-Hilos-4.dat 
/home/estudiante/evalRend2610/bin/mxmPosixFxC 1600 4 
/home/estudiante/evalRend2610/bin/mxmPosixFxC 1600 4 
/home/estudiante/evalRend2610/bin/mxmPosixFxC 1600 4 
/home/estudiante/evalRend2610/bin/mxmPosixFxC 1600 4 
/home/estudiante/evalRend2610/bin/mxmPosixFxC 1600 4 
/home/estudiante/evalRend2610/bin/mxmPosixFxC 1600 4 
/home/estudiante/evalRend2610/bin/mxmPosixFxC 1600 4 
/home/estudiante/evalRend2610/bin/mxmPosixFxC 1600 4 
/home/estudiante/evalRend2610/bin/mxmPosixFxC 1600 4 
/home/estudiante/evalRend2610/bin/mxmPosixFxC 1600 4 
/home/estudiante/evalRend2610/bin/mxmPosixFxC 1600 4 
/home/estudiante/evalRend2610/bin/mxmPosixFxC 1600 4 
/home/estudiante/evalRend2610/bin/mxmPosixFxC 1600 4 
/home/estudiante/evalRend2610/bin/mxmPosixFxC 1600 4 
/home/estudiante/evalRend2610/bin/mxmPosixFxC 1600 4 
/home/estudiante/evalRend2610/bin/mxmPosixFxC 1600 4 
/home/estudiante/evalRend2610/bin/mxmPosixFxC 1600 4 
/home/estudiante/evalRend2610/bin/mxmPosixFxC 1600 4 
/home/estudiante/evalRend2610/bin/mxmPosixFxC 1600 4 
/home/estudiante/evalRend2610/bin/mxmPosixFxC 1600 4 
/home/estudiante/evalRend2610/bin/mxmPosixFxC 1600 4 
/home/estudiante/evalRend2610/bin/mxmPosixFxC 1600 4 
/home/estudiante/evalRend2610/bin/mxmPosixFxC 1600 4 
/home/estudiante/evalRend2610/bin/mxmPosixFxC 1600 4 
/home/estudiante/evalRend2610/bin/mxmPosixFxC 1600 4 
/home/estudiante/evalRend2610/bin/mxmPosixFxC 1600 4 
/home/estudiante/evalRend2610/bin/mxmPosixFxC 1600 4 
/home/estudiante/evalRend2610/bin/mxmPosixFxC 1600 4 
/home/estudiante/evalRend2610/bin/mxmPosixFxC 1600 4 
/home/estudiante/evalRend2610/bin/mxmPosixFxC 1600 4 
/home/estudiante/evalRend2610/Soluciones/mxmPosixFxC-3200-Hilos-1.dat 
/home/estudiante/evalRend2610/bin/mxmPosixFxC 3200 1 
/home/estudiante/evalRend2610/bin/mxmPosixFxC 3200 1 
/home/estudiante/evalRend2610/bin/mxmPosixFxC 3200 1 
/home/estudiante/evalRend2610/bin/mxmPosixFxC 3200 1 
/home/estudiante/evalRend2610/bin/mxmPosixFxC 3200 1 
/home/estudiante/evalRend2610/bin/mxmPosixFxC 3200 1 
/home/estudiante/evalRend2610/bin/mxmPosixFxC 3200 1 
/home/estudiante/evalRend2610/bin/mxmPosixFxC 3200 1 
/home/estudiante/evalRend2610/bin/mxmPosixFxC 3200 1 
/home/estudiante/evalRend2610/bin/mxmPosixFxC 3200 1 
/home/estudiante/evalRend2610/bin/mxmPosixFxC 3200 1 
/home/estudiante/evalRend2610/bin/mxmPosixFxC 3200 1 
/home/estudiante/evalRend2610/bin/mxmPosixFxC 3200 1 
/home/estudiante/evalRend2610/bin/mxmPosixFxC 3200 1 
/home/estudiante/evalRend2610/bin/mxmPosixFxC 3200 1 
/home/estudiante/evalRend2610/bin/mxmPosixFxC 3200 1 
/home/estudiante/evalRend2610/bin/mxmPosixFxC 3200 1 
/home/estudiante/evalRend2610/bin/mxmPosixFxC 3200 1 
/home/estudiante/evalRend2610/bin/mxmPosixFxC 3200 1 
/home/estudiante/evalRend2610/bin/mxmPosixFxC 3200 1 
/home/estudiante/evalRend2610/bin/mxmPosixFxC 3200 1 
/home/estudiante/evalRend2610/bin/mxmPosixFxC 3200 1 
/home/estudiante/evalRend2610/bin/mxmPosixFxC 3200 1 
/home/estudiante/evalRend2610/bin/mxmPosixFxC 3200 1 
/home/estudiante/evalRend2610/bin/mxmPosixFxC 3200 1 
/home/estudiante/evalRend2610/bin/mxmPosixFxC 3200 1 
/home/estudiante/evalRend2610/bin/mxmPosixFxC 3200 1 
/home/estudiante/evalRend2610/bin/mxmPosixFxC 3200 1 
/home/estudiante/evalRend2610/bin/mxmPosixFxC 3200 1 
/home/estudiante/evalRend2610/bin/mxmPosixFxC 3200 1 
/home/estudiante/evalRend2610/Soluciones/mxmPosixFxC-3200-Hilos-2.dat 
/home/estudiante/evalRend2610/bin/mxmPosixFxC 3200 2 
/home/estudiante/evalRend2610/bin/mxmPosixFxC 3200 2 
/home/estudiante/evalRend2610/bin/mxmPosixFxC 3200 2 
/home/estudiante/evalRend2610/bin/mxmPosixFxC 3200 2 
/home/estudiante/evalRend2610/bin/mxmPosixFxC 3200 2 
/home/estudiante/evalRend2610/bin/mxmPosixFxC 3200 2 
/home/estudiante/evalRend2610/bin/mxmPosixFxC 3200 2 
/home/estudiante/evalRend2610/bin/mxmPosixFxC 3200 2 
/home/estudiante/evalRend2610/bin/mxmPosixFxC 3200 2 
/home/estudiante/evalRend2610/bin/mxmPosixFxC 3200 2 
/home/estudiante/evalRend2610/bin/mxmPosixFxC 3200 2 
/home/estudiante/evalRend2610/bin/mxmPosixFxC 3200 2 
/home/estudiante/evalRend2610/bin/mxmPosixFxC 3200 2 
/home/estudiante/evalRend2610/bin/mxmPosixFxC 3200 2 
/home/estudiante/evalRend2610/bin/mxmPosixFxC 3200 2 
/home/estudiante/evalRend2610/bin/mxmPosixFxC 3200 2 
/home/estudiante/evalRend2610/bin/mxmPosixFxC 3200 2 
/home/estudiante/evalRend2610/bin/mxmPosixFxC 3200 2 
/home/estudiante/evalRend2610/bin/mxmPosixFxC 3200 2 
/home/estudiante/evalRend2610/bin/mxmPosixFxC 3200 2 
/home/estudiante/evalRend2610/bin/mxmPosixFxC 3200 2 
/home/estudiante/evalRend2610/bin/mxmPosixFxC 3200 2 
/home/estudiante/evalRend2610/bin/mxmPosixFxC 3200 2 
/home/estudiante/evalRend2610/bin/mxmPosixFxC 3200 2 
/home/estudiante/evalRend2610/bin/mxmPosixFxC 3200 2 
/home/estudiante/evalRend2610/bin/mxmPosixFxC 3200 2 
/home/estudiante/evalRend2610/bin/mxmPosixFxC 3200 2 
/home/estudiante/evalRend2610/bin/mxmPosixFxC 3200 2 
/home/estudiante/evalRend2610/bin/mxmPosixFxC 3200 2 
/home/estudiante/evalRend2610/bin/mxmPosixFxC 3200 2 
/home/estudiante/evalRend2610/Soluciones/mxmPosixFxC-3200-Hilos-4.dat 
/home/estudiante/evalRend2610/bin/mxmPosixFxC 3200 4 
/home/estudiante/evalRend2610/bin/mxmPosixFxC 3200 4 
/home/estudiante/evalRend2610/bin/mxmPosixFxC 3200 4 
/home/estudiante/evalRend2610/bin/mxmPosixFxC 3200 4 
/home/estudiante/evalRend2610/bin/mxmPosixFxC 3200 4 
/home/estudiante/evalRend2610/bin/mxmPosixFxC 3200 4 
/home/estudiante/evalRend2610/bin/mxmPosixFxC 3200 4 
/home/estudiante/evalRend2610/bin/mxmPosixFxC 3200 4 
/home/estudiante/evalRend2610/bin/mxmPosixFxC 3200 4 
/home/estudiante/evalRend2610/bin/mxmPosixFxC 3200 4 
/home/estudiante/evalRend2610/bin/mxmPosixFxC 3200 4 
/home/estudiante/evalRend2610/bin/mxmPosixFxC 3200 4 
/home/estudiante/evalRend2610/bin/mxmPosixFxC 3200 4 
/home/estudiante/evalRend2610/bin/mxmPosixFxC 3200 4 
/home/estudiante/evalRend2610/bin/mxmPosixFxC 3200 4 
/home/estudiante/evalRend2610/bin/mxmPosixFxC 3200 4 
/home/estudiante/evalRend2610/bin/mxmPosixFxC 3200 4 
/home/estudiante/evalRend2610/bin/mxmPosixFxC 3200 4 
/home/estudiante/evalRend2610/bin/mxmPosixFxC 3200 4 
/home/estudiante/evalRend2610/bin/mxmPosixFxC 3200 4 
/home/estudiante/evalRend2610/bin/mxmPosixFxC 3200 4 
/home/estudiante/evalRend2610/bin/mxmPosixFxC 3200 4 
/home/estudiante/evalRend2610/bin/mxmPosixFxC 3200 4 
/home/estudiante/evalRend2610/bin/mxmPosixFxC 3200 4 
/home/estudiante/evalRend2610/bin/mxmPosixFxC 3200 4 
/home/estudiante/evalRend2610/bin/mxmPosixFxC 3200 4 
/home/estudiante/evalRend2610/bin/mxmPosixFxC 3200 4 
/home/estudiante/evalRend2610/bin/mxmPosixFxC 3200 4 
/home/estudiante/evalRend2610/bin/mxmPosixFxC 3200 4 
/home/estudiante/evalRend2610/bin/mxmPosixFxC 3200 4 
/home/estudiante/evalRend2610/Soluciones/mxmPosixFxT-200-Hilos-1.dat 
/home/estudiante/evalRend2610/bin/mxmPosixFxT 200 1 
/home/estudiante/evalRend2610/bin/mxmPosixFxT 200 1 
/home/estudiante/evalRend2610/bin/mxmPosixFxT 200 1 
/home/estudiante/evalRend2610/bin/mxmPosixFxT 200 1 
/home/estudiante/evalRend2610/bin/mxmPosixFxT 200 1 
/home/estudiante/evalRend2610/bin/mxmPosixFxT 200 1 
/home/estudiante/evalRend2610/bin/mxmPosixFxT 200 1 
/home/estudiante/evalRend2610/bin/mxmPosixFxT 200 1 
/home/estudiante/evalRend2610/bin/mxmPosixFxT 200 1 
/home/estudiante/evalRend2610/bin/mxmPosixFxT 200 1 
/home/estudiante/evalRend2610/bin/mxmPosixFxT 200 1 
/home/estudiante/evalRend2610/bin/mxmPosixFxT 200 1 
/home/estudiante/evalRend2610/bin/mxmPosixFxT 200 1 
/home/estudiante/evalRend2610/bin/mxmPosixFxT 200 1 
/home/estudiante/evalRend2610/bin/mxmPosixFxT 200 1 
/home/estudiante/evalRend2610/bin/mxmPosixFxT 200 1 
/home/estudiante/evalRend2610/bin/mxmPosixFxT 200 1 
/home/estudiante/evalRend2610/bin/mxmPosixFxT 200 1 
/home/estudiante/evalRend2610/bin/mxmPosixFxT 200 1 
/home/estudiante/evalRend2610/bin/mxmPosixFxT 200 1 
/home/estudiante/evalRend2610/bin/mxmPosixFxT 200 1 
/home/estudiante/evalRend2610/bin/mxmPosixFxT 200 1 
/home/estudiante/evalRend2610/bin/mxmPosixFxT 200 1 
/home/estudiante/evalRend2610/bin/mxmPosixFxT 200 1 
/home/estudiante/evalRend2610/bin/mxmPosixFxT 200 1 
/home/estudiante/evalRend2610/bin/mxmPosixFxT 200 1 
/home/estudiante/evalRend2610/bin/mxmPosixFxT 200 1 
/home/estudiante/evalRend2610/bin/mxmPosixFxT 200 1 
/home/estudiante/evalRend2610/bin/mxmPosixFxT 200 1 
/home/estudiante/evalRend2610/bin/mxmPosixFxT 200 1 
/home/estudiante/evalRend2610/Soluciones/mxmPosixFxT-200-Hilos-2.dat 
/home/estudiante/evalRend2610/bin/mxmPosixFxT 200 2 
/home/estudiante/evalRend2610/bin/mxmPosixFxT 200 2 
/home/estudiante/evalRend2610/bin/mxmPosixFxT 200 2 
/home/estudiante/evalRend2610/bin/mxmPosixFxT 200 2 
/home/estudiante/evalRend2610/bin/mxmPosixFxT 200 2 
/home/estudiante/evalRend2610/bin/mxmPosixFxT 200 2 
/home/estudiante/evalRend2610/bin/mxmPosixFxT 200 2 
/home/estudiante/evalRend2610/bin/mxmPosixFxT 200 2 
/home/estudiante/evalRend2610/bin/mxmPosixFxT 200 2 
/home/estudiante/evalRend2610/bin/mxmPosixFxT 200 2 
/home/estudiante/evalRend2610/bin/mxmPosixFxT 200 2 
/home/estudiante/evalRend2610/bin/mxmPosixFxT 200 2 
/home/estudiante/evalRend2610/bin/mxmPosixFxT 200 2 
/home/estudiante/evalRend2610/bin/mxmPosixFxT 200 2 
/home/estudiante/evalRend2610/bin/mxmPosixFxT 200 2 
/home/estudiante/evalRend2610/bin/mxmPosixFxT 200 2 
/home/estudiante/evalRend2610/bin/mxmPosixFxT 200 2 
/home/estudiante/evalRend2610/bin/mxmPosixFxT 200 2 
/home/estudiante/evalRend2610/bin/mxmPosixFxT 200 2 
/home/estudiante/evalRend2610/bin/mxmPosixFxT 200 2 
/home/estudiante/evalRend2610/bin/mxmPosixFxT 200 2 
/home/estudiante/evalRend2610/bin/mxmPosixFxT 200 2 
/home/estudiante/evalRend2610/bin/mxmPosixFxT 200 2 
/home/estudiante/evalRend2610/bin/mxmPosixFxT 200 2 
/home/estudiante/evalRend2610/bin/mxmPosixFxT 200 2 
/home/estudiante/evalRend2610/bin/mxmPosixFxT 200 2 
/home/estudiante/evalRend2610/bin/mxmPosixFxT 200 2 
/home/estudiante/evalRend2610/bin/mxmPosixFxT 200 2 
/home/estudiante/evalRend2610/bin/mxmPosixFxT 200 2 
/home/estudiante/evalRend2610/bin/mxmPosixFxT 200 2 
/home/estudiante/evalRend2610/Soluciones/mxmPosixFxT-200-Hilos-4.dat 
/home/estudiante/evalRend2610/bin/mxmPosixFxT 200 4 
/home/estudiante/evalRend2610/bin/mxmPosixFxT 200 4 
/home/estudiante/evalRend2610/bin/mxmPosixFxT 200 4 
/home/estudiante/evalRend2610/bin/mxmPosixFxT 200 4 
/home/estudiante/evalRend2610/bin/mxmPosixFxT 200 4 
/home/estudiante/evalRend2610/bin/mxmPosixFxT 200 4 
/home/estudiante/evalRend2610/bin/mxmPosixFxT 200 4 
/home/estudiante/evalRend2610/bin/mxmPosixFxT 200 4 
/home/estudiante/evalRend2610/bin/mxmPosixFxT 200 4 
/home/estudiante/evalRend2610/bin/mxmPosixFxT 200 4 
/home/estudiante/evalRend2610/bin/mxmPosixFxT 200 4 
/home/estudiante/evalRend2610/bin/mxmPosixFxT 200 4 
/home/estudiante/evalRend2610/bin/mxmPosixFxT 200 4 
/home/estudiante/evalRend2610/bin/mxmPosixFxT 200 4 
/home/estudiante/evalRend2610/bin/mxmPosixFxT 200 4 
/home/estudiante/evalRend2610/bin/mxmPosixFxT 200 4 
/home/estudiante/evalRend2610/bin/mxmPosixFxT 200 4 
/home/estudiante/evalRend2610/bin/mxmPosixFxT 200 4 
/home/estudiante/evalRend2610/bin/mxmPosixFxT 200 4 
/home/estudiante/evalRend2610/bin/mxmPosixFxT 200 4 
/home/estudiante/evalRend2610/bin/mxmPosixFxT 200 4 
/home/estudiante/evalRend2610/bin/mxmPosixFxT 200 4 
/home/estudiante/evalRend2610/bin/mxmPosixFxT 200 4 
/home/estudiante/evalRend2610/bin/mxmPosixFxT 200 4 
/home/estudiante/evalRend2610/bin/mxmPosixFxT 200 4 
/home/estudiante/evalRend2610/bin/mxmPosixFxT 200 4 
/home/estudiante/evalRend2610/bin/mxmPosixFxT 200 4 
/home/estudiante/evalRend2610/bin/mxmPosixFxT 200 4 
/home/estudiante/evalRend2610/bin/mxmPosixFxT 200 4 
/home/estudiante/evalRend2610/bin/mxmPosixFxT 200 4 
/home/estudiante/evalRend2610/Soluciones/mxmPosixFxT-800-Hilos-1.dat 
/home/estudiante/evalRend2610/bin/mxmPosixFxT 800 1 
/home/estudiante/evalRend2610/bin/mxmPosixFxT 800 1 
/home/estudiante/evalRend2610/bin/mxmPosixFxT 800 1 
/home/estudiante/evalRend2610/bin/mxmPosixFxT 800 1 
/home/estudiante/evalRend2610/bin/mxmPosixFxT 800 1 
/home/estudiante/evalRend2610/bin/mxmPosixFxT 800 1 
/home/estudiante/evalRend2610/bin/mxmPosixFxT 800 1 
/home/estudiante/evalRend2610/bin/mxmPosixFxT 800 1 
/home/estudiante/evalRend2610/bin/mxmPosixFxT 800 1 
/home/estudiante/evalRend2610/bin/mxmPosixFxT 800 1 
/home/estudiante/evalRend2610/bin/mxmPosixFxT 800 1 
/home/estudiante/evalRend2610/bin/mxmPosixFxT 800 1 
/home/estudiante/evalRend2610/bin/mxmPosixFxT 800 1 
/home/estudiante/evalRend2610/bin/mxmPosixFxT 800 1 
/home/estudiante/evalRend2610/bin/mxmPosixFxT 800 1 
/home/estudiante/evalRend2610/bin/mxmPosixFxT 800 1 
/home/estudiante/evalRend2610/bin/mxmPosixFxT 800 1 
/home/estudiante/evalRend2610/bin/mxmPosixFxT 800 1 
/home/estudiante/evalRend2610/bin/mxmPosixFxT 800 1 
/home/estudiante/evalRend2610/bin/mxmPosixFxT 800 1 
/home/estudiante/evalRend2610/bin/mxmPosixFxT 800 1 
/home/estudiante/evalRend2610/bin/mxmPosixFxT 800 1 
/home/estudiante/evalRend2610/bin/mxmPosixFxT 800 1 
/home/estudiante/evalRend2610/bin/mxmPosixFxT 800 1 
/home/estudiante/evalRend2610/bin/mxmPosixFxT 800 1 
/home/estudiante/evalRend2610/bin/mxmPosixFxT 800 1 
/home/estudiante/evalRend2610/bin/mxmPosixFxT 800 1 
/home/estudiante/evalRend2610/bin/mxmPosixFxT 800 1 
/home/estudiante/evalRend2610/bin/mxmPosixFxT 800 1 
/home/estudiante/evalRend2610/bin/mxmPosixFxT 800 1 
/home/estudiante/evalRend2610/Soluciones/mxmPosixFxT-800-Hilos-2.dat 
/home/estudiante/evalRend2610/bin/mxmPosixFxT 800 2 
/home/estudiante/evalRend2610/bin/mxmPosixFxT 800 2 
/home/estudiante/evalRend2610/bin/mxmPosixFxT 800 2 
/home/estudiante/evalRend2610/bin/mxmPosixFxT 800 2 
/home/estudiante/evalRend2610/bin/mxmPosixFxT 800 2 
/home/estudiante/evalRend2610/bin/mxmPosixFxT 800 2 
/home/estudiante/evalRend2610/bin/mxmPosixFxT 800 2 
/home/estudiante/evalRend2610/bin/mxmPosixFxT 800 2 
/home/estudiante/evalRend2610/bin/mxmPosixFxT 800 2 
/home/estudiante/evalRend2610/bin/mxmPosixFxT 800 2 
/home/estudiante/evalRend2610/bin/mxmPosixFxT 800 2 
/home/estudiante/evalRend2610/bin/mxmPosixFxT 800 2 
/home/estudiante/evalRend2610/bin/mxmPosixFxT 800 2 
/home/estudiante/evalRend2610/bin/mxmPosixFxT 800 2 
/home/estudiante/evalRend2610/bin/mxmPosixFxT 800 2 
/home/estudiante/evalRend2610/bin/mxmPosixFxT 800 2 
/home/estudiante/evalRend2610/bin/mxmPosixFxT 800 2 
/home/estudiante/evalRend2610/bin/mxmPosixFxT 800 2 
/home/estudiante/evalRend2610/bin/mxmPosixFxT 800 2 
/home/estudiante/evalRend2610/bin/mxmPosixFxT 800 2 
/home/estudiante/evalRend2610/bin/mxmPosixFxT 800 2 
/home/estudiante/evalRend2610/bin/mxmPosixFxT 800 2 
/home/estudiante/evalRend2610/bin/mxmPosixFxT 800 2 
/home/estudiante/evalRend2610/bin/mxmPosixFxT 800 2 
/home/estudiante/evalRend2610/bin/mxmPosixFxT 800 2 
/home/estudiante/evalRend2610/bin/mxmPosixFxT 800 2 
/home/estudiante/evalRend2610/bin/mxmPosixFxT 800 2 
/home/estudiante/evalRend2610/bin/mxmPosixFxT 800 2 
/home/estudiante/evalRend2610/bin/mxmPosixFxT 800 2 
/home/estudiante/evalRend2610/bin/mxmPosixFxT 800 2 
/home/estudiante/evalRend2610/Soluciones/mxmPosixFxT-800-Hilos-4.dat 
/home/estudiante/evalRend2610/bin/mxmPosixFxT 800 4 
/home/estudiante/evalRend2610/bin/mxmPosixFxT 800 4 
/home/estudiante/evalRend2610/bin/mxmPosixFxT 800 4 
/home/estudiante/evalRend2610/bin/mxmPosixFxT 800 4 
/home/estudiante/evalRend2610/bin/mxmPosixFxT 800 4 
/home/estudiante/evalRend2610/bin/mxmPosixFxT 800 4 
/home/estudiante/evalRend2610/bin/mxmPosixFxT 800 4 
/home/estudiante/evalRend2610/bin/mxmPosixFxT 800 4 
/home/estudiante/evalRend2610/bin/mxmPosixFxT 800 4 
/home/estudiante/evalRend2610/bin/mxmPosixFxT 800 4 
/home/estudiante/evalRend2610/bin/mxmPosixFxT 800 4 
/home/estudiante/evalRend2610/bin/mxmPosixFxT 800 4 
/home/estudiante/evalRend2610/bin/mxmPosixFxT 800 4 
/home/estudiante/evalRend2610/bin/mxmPosixFxT 800 4 
/home/estudiante/evalRend2610/bin/mxmPosixFxT 800 4 
/home/estudiante/evalRend2610/bin/mxmPosixFxT 800 4 
/home/estudiante/evalRend2610/bin/mxmPosixFxT 800 4 
/home/estudiante/evalRend2610/bin/mxmPosixFxT 800 4 
/home/estudiante/evalRend2610/bin/mxmPosixFxT 800 4 
/home/estudiante/evalRend2610/bin/mxmPosixFxT 800 4 
/home/estudiante/evalRend2610/bin/mxmPosixFxT 800 4 
/home/estudiante/evalRend2610/bin/mxmPosixFxT 800 4 
/home/estudiante/evalRend2610/bin/mxmPosixFxT 800 4 
/home/estudiante/evalRend2610/bin/mxmPosixFxT 800 4 
/home/estudiante/evalRend2610/bin/mxmPosixFxT 800 4 
/home/estudiante/evalRend2610/bin/mxmPosixFxT 800 4 
/home/estudiante/evalRend2610/bin/mxmPosixFxT 800 4 
/home/estudiante/evalRend2610/bin/mxmPosixFxT 800 4 
/home/estudiante/evalRend2610/bin/mxmPosixFxT 800 4 
/home/estudiante/evalRend2610/bin/mxmPosixFxT 800 4 
/home/estudiante/evalRend2610/Soluciones/mxmPosixFxT-1600-Hilos-1.dat 
/home/estudiante/evalRend2610/bin/mxmPosixFxT 1600 1 
/home/estudiante/evalRend2610/bin/mxmPosixFxT 1600 1 
/home/estudiante/evalRend2610/bin/mxmPosixFxT 1600 1 
/home/estudiante/evalRend2610/bin/mxmPosixFxT 1600 1 
/home/estudiante/evalRend2610/bin/mxmPosixFxT 1600 1 
/home/estudiante/evalRend2610/bin/mxmPosixFxT 1600 1 
/home/estudiante/evalRend2610/bin/mxmPosixFxT 1600 1 
/home/estudiante/evalRend2610/bin/mxmPosixFxT 1600 1 
/home/estudiante/evalRend2610/bin/mxmPosixFxT 1600 1 
/home/estudiante/evalRend2610/bin/mxmPosixFxT 1600 1 
/home/estudiante/evalRend2610/bin/mxmPosixFxT 1600 1 
/home/estudiante/evalRend2610/bin/mxmPosixFxT 1600 1 
/home/estudiante/evalRend2610/bin/mxmPosixFxT 1600 1 
/home/estudiante/evalRend2610/bin/mxmPosixFxT 1600 1 
/home/estudiante/evalRend2610/bin/mxmPosixFxT 1600 1 
/home/estudiante/evalRend2610/bin/mxmPosixFxT 1600 1 
/home/estudiante/evalRend2610/bin/mxmPosixFxT 1600 1 
/home/estudiante/evalRend2610/bin/mxmPosixFxT 1600 1 
/home/estudiante/evalRend2610/bin/mxmPosixFxT 1600 1 
/home/estudiante/evalRend2610/bin/mxmPosixFxT 1600 1 
/home/estudiante/evalRend2610/bin/mxmPosixFxT 1600 1 
/home/estudiante/evalRend2610/bin/mxmPosixFxT 1600 1 
/home/estudiante/evalRend2610/bin/mxmPosixFxT 1600 1 
/home/estudiante/evalRend2610/bin/mxmPosixFxT 1600 1 
/home/estudiante/evalRend2610/bin/mxmPosixFxT 1600 1 
/home/estudiante/evalRend2610/bin/mxmPosixFxT 1600 1 
/home/estudiante/evalRend2610/bin/mxmPosixFxT 1600 1 
/home/estudiante/evalRend2610/bin/mxmPosixFxT 1600 1 
/home/estudiante/evalRend2610/bin/mxmPosixFxT 1600 1 
/home/estudiante/evalRend2610/bin/mxmPosixFxT 1600 1 
/home/estudiante/evalRend2610/Soluciones/mxmPosixFxT-1600-Hilos-2.dat 
/home/estudiante/evalRend2610/bin/mxmPosixFxT 1600 2 
/home/estudiante/evalRend2610/bin/mxmPosixFxT 1600 2 
/home/estudiante/evalRend2610/bin/mxmPosixFxT 1600 2 
/home/estudiante/evalRend2610/bin/mxmPosixFxT 1600 2 
/home/estudiante/evalRend2610/bin/mxmPosixFxT 1600 2 
/home/estudiante/evalRend2610/bin/mxmPosixFxT 1600 2 
/home/estudiante/evalRend2610/bin/mxmPosixFxT 1600 2 
/home/estudiante/evalRend2610/bin/mxmPosixFxT 1600 2 
/home/estudiante/evalRend2610/bin/mxmPosixFxT 1600 2 
/home/estudiante/evalRend2610/bin/mxmPosixFxT 1600 2 
/home/estudiante/evalRend2610/bin/mxmPosixFxT 1600 2 
/home/estudiante/evalRend2610/bin/mxmPosixFxT 1600 2 
/home/estudiante/evalRend2610/bin/mxmPosixFxT 1600 2 
/home/estudiante/evalRend2610/bin/mxmPosixFxT 1600 2 
/home/estudiante/evalRend2610/bin/mxmPosixFxT 1600 2 
/home/estudiante/evalRend2610/bin/mxmPosixFxT 1600 2 
/home/estudiante/evalRend2610/bin/mxmPosixFxT 1600 2 
/home/estudiante/evalRend2610/bin/mxmPosixFxT 1600 2 
/home/estudiante/evalRend2610/bin/mxmPosixFxT 1600 2 
/home/estudiante/evalRend2610/bin/mxmPosixFxT 1600 2 
/home/estudiante/evalRend2610/bin/mxmPosixFxT 1600 2 
/home/estudiante/evalRend2610/bin/mxmPosixFxT 1600 2 
/home/estudiante/evalRend2610/bin/mxmPosixFxT 1600 2 
/home/estudiante/evalRend2610/bin/mxmPosixFxT 1600 2 
/home/estudiante/evalRend2610/bin/mxmPosixFxT 1600 2 
/home/estudiante/evalRend2610/bin/mxmPosixFxT 1600 2 
/home/estudiante/evalRend2610/bin/mxmPosixFxT 1600 2 
/home/estudiante/evalRend2610/bin/mxmPosixFxT 1600 2 
/home/estudiante/evalRend2610/bin/mxmPosixFxT 1600 2 
/home/estudiante/evalRend2610/bin/mxmPosixFxT 1600 2 
/home/estudiante/evalRend2610/Soluciones/mxmPosixFxT-1600-Hilos-4.dat 
/home/estudiante/evalRend2610/bin/mxmPosixFxT 1600 4 
/home/estudiante/evalRend2610/bin/mxmPosixFxT 1600 4 
/home/estudiante/evalRend2610/bin/mxmPosixFxT 1600 4 
/home/estudiante/evalRend2610/bin/mxmPosixFxT 1600 4 
/home/estudiante/evalRend2610/bin/mxmPosixFxT 1600 4 
/home/estudiante/evalRend2610/bin/mxmPosixFxT 1600 4 
/home/estudiante/evalRend2610/bin/mxmPosixFxT 1600 4 
/home/estudiante/evalRend2610/bin/mxmPosixFxT 1600 4 
/home/estudiante/evalRend2610/bin/mxmPosixFxT 1600 4 
/home/estudiante/evalRend2610/bin/mxmPosixFxT 1600 4 
/home/estudiante/evalRend2610/bin/mxmPosixFxT 1600 4 
/home/estudiante/evalRend2610/bin/mxmPosixFxT 1600 4 
/home/estudiante/evalRend2610/bin/mxmPosixFxT 1600 4 
/home/estudiante/evalRend2610/bin/mxmPosixFxT 1600 4 
/home/estudiante/evalRend2610/bin/mxmPosixFxT 1600 4 
/home/estudiante/evalRend2610/bin/mxmPosixFxT 1600 4 
/home/estudiante/evalRend2610/bin/mxmPosixFxT 1600 4 
/home/estudiante/evalRend2610/bin/mxmPosixFxT 1600 4 
/home/estudiante/evalRend2610/bin/mxmPosixFxT 1600 4 
/home/estudiante/evalRend2610/bin/mxmPosixFxT 1600 4 
/home/estudiante/evalRend2610/bin/mxmPosixFxT 1600 4 
/home/estudiante/evalRend2610/bin/mxmPosixFxT 1600 4 
/home/estudiante/evalRend2610/bin/mxmPosixFxT 1600 4 
/home/estudiante/evalRend2610/bin/mxmPosixFxT 1600 4 
/home/estudiante/evalRend2610/bin/mxmPosixFxT 1600 4 
/home/estudiante/evalRend2610/bin/mxmPosixFxT 1600 4 
/home/estudiante/evalRend2610/bin/mxmPosixFxT 1600 4 
/home/estudiante/evalRend2610/bin/mxmPosixFxT 1600 4 
/home/estudiante/evalRend2610/bin/mxmPosixFxT 1600 4 
/home/estudiante/evalRend2610/bin/mxmPosixFxT 1600 4 
/home/estudiante/evalRend2610/Soluciones/mxmPosixFxT-3200-Hilos-1.dat 
/home/estudiante/evalRend2610/bin/mxmPosixFxT 3200 1 
/home/estudiante/evalRend2610/bin/mxmPosixFxT 3200 1 
/home/estudiante/evalRend2610/bin/mxmPosixFxT 3200 1 
/home/estudiante/evalRend2610/bin/mxmPosixFxT 3200 1 
/home/estudiante/evalRend2610/bin/mxmPosixFxT 3200 1 
/home/estudiante/evalRend2610/bin/mxmPosixFxT 3200 1 
/home/estudiante/evalRend2610/bin/mxmPosixFxT 3200 1 
/home/estudiante/evalRend2610/bin/mxmPosixFxT 3200 1 
/home/estudiante/evalRend2610/bin/mxmPosixFxT 3200 1 
/home/estudiante/evalRend2610/bin/mxmPosixFxT 3200 1 
/home/estudiante/evalRend2610/bin/mxmPosixFxT 3200 1 
/home/estudiante/evalRend2610/bin/mxmPosixFxT 3200 1 
/home/estudiante/evalRend2610/bin/mxmPosixFxT 3200 1 
/home/estudiante/evalRend2610/bin/mxmPosixFxT 3200 1 
/home/estudiante/evalRend2610/bin/mxmPosixFxT 3200 1 
/home/estudiante/evalRend2610/bin/mxmPosixFxT 3200 1 
/home/estudiante/evalRend2610/bin/mxmPosixFxT 3200 1 
/home/estudiante/evalRend2610/bin/mxmPosixFxT 3200 1 
/home/estudiante/evalRend2610/bin/mxmPosixFxT 3200 1 
/home/estudiante/evalRend2610/bin/mxmPosixFxT 3200 1 
/home/estudiante/evalRend2610/bin/mxmPosixFxT 3200 1 
/home/estudiante/evalRend2610/bin/mxmPosixFxT 3200 1 
/home/estudiante/evalRend2610/bin/mxmPosixFxT 3200 1 
/home/estudiante/evalRend2610/bin/mxmPosixFxT 3200 1 
/home/estudiante/evalRend2610/bin/mxmPosixFxT 3200 1 
/home/estudiante/evalRend2610/bin/mxmPosixFxT 3200 1 
/home/estudiante/evalRend2610/bin/mxmPosixFxT 3200 1 
/home/estudiante/evalRend2610/bin/mxmPosixFxT 3200 1 
/home/estudiante/evalRend2610/bin/mxmPosixFxT 3200 1 
/home/estudiante/evalRend2610/bin/mxmPosixFxT 3200 1 
/home/estudiante/evalRend2610/Soluciones/mxmPosixFxT-3200-Hilos-2.dat 
/home/estudiante/evalRend2610/bin/mxmPosixFxT 3200 2 
/home/estudiante/evalRend2610/bin/mxmPosixFxT 3200 2 
/home/estudiante/evalRend2610/bin/mxmPosixFxT 3200 2 
/home/estudiante/evalRend2610/bin/mxmPosixFxT 3200 2 
/home/estudiante/evalRend2610/bin/mxmPosixFxT 3200 2 
/home/estudiante/evalRend2610/bin/mxmPosixFxT 3200 2 
/home/estudiante/evalRend2610/bin/mxmPosixFxT 3200 2 
/home/estudiante/evalRend2610/bin/mxmPosixFxT 3200 2 
/home/estudiante/evalRend2610/bin/mxmPosixFxT 3200 2 
/home/estudiante/evalRend2610/bin/mxmPosixFxT 3200 2 
/home/estudiante/evalRend2610/bin/mxmPosixFxT 3200 2 
/home/estudiante/evalRend2610/bin/mxmPosixFxT 3200 2 
/home/estudiante/evalRend2610/bin/mxmPosixFxT 3200 2 
/home/estudiante/evalRend2610/bin/mxmPosixFxT 3200 2 
/home/estudiante/evalRend2610/bin/mxmPosixFxT 3200 2 
/home/estudiante/evalRend2610/bin/mxmPosixFxT 3200 2 
/home/estudiante/evalRend2610/bin/mxmPosixFxT 3200 2 
/home/estudiante/evalRend2610/bin/mxmPosixFxT 3200 2 
/home/estudiante/evalRend2610/bin/mxmPosixFxT 3200 2 
/home/estudiante/evalRend2610/bin/mxmPosixFxT 3200 2 
/home/estudiante/evalRend2610/bin/mxmPosixFxT 3200 2 
/home/estudiante/evalRend2610/bin/mxmPosixFxT 3200 2 
/home/estudiante/evalRend2610/bin/mxmPosixFxT 3200 2 
/home/estudiante/evalRend2610/bin/mxmPosixFxT 3200 2 
/home/estudiante/evalRend2610/bin/mxmPosixFxT 3200 2 
/home/estudiante/evalRend2610/bin/mxmPosixFxT 3200 2 
/home/estudiante/evalRend2610/bin/mxmPosixFxT 3200 2 
/home/estudiante/evalRend2610/bin/mxmPosixFxT 3200 2 
/home/estudiante/evalRend2610/bin/mxmPosixFxT 3200 2 
/home/estudiante/evalRend2610/bin/mxmPosixFxT 3200 2 
/home/estudiante/evalRend2610/Soluciones/mxmPosixFxT-3200-Hilos-4.dat 
/home/estudiante/evalRend2610/bin/mxmPosixFxT 3200 4 
/home/estudiante/evalRend2610/bin/mxmPosixFxT 3200 4 
/home/estudiante/evalRend2610/bin/mxmPosixFxT 3200 4 
/home/estudiante/evalRend2610/bin/mxmPosixFxT 3200 4 
/home/estudiante/evalRend2610/bin/mxmPosixFxT 3200 4 
/home/estudiante/evalRend2610/bin/mxmPosixFxT 3200 4 
/home/estudiante/evalRend2610/bin/mxmPosixFxT 3200 4 
/home/estudiante/evalRend2610/bin/mxmPosixFxT 3200 4 
/home/estudiante/evalRend2610/bin/mxmPosixFxT 3200 4 
/home/estudiante/evalRend2610/bin/mxmPosixFxT 3200 4 
/home/estudiante/evalRend2610/bin/mxmPosixFxT 3200 4 
/home/estudiante/evalRend2610/bin/mxmPosixFxT 3200 4 
/home/estudiante/evalRend2610/bin/mxmPosixFxT 3200 4 
/home/estudiante/evalRend2610/bin/mxmPosixFxT 3200 4 
/home/estudiante/evalRend2610/bin/mxmPosixFxT 3200 4 
/home/estudiante/evalRend2610/bin/mxmPosixFxT 3200 4 
/home/estudiante/evalRend2610/bin/mxmPosixFxT 3200 4 
/home/estudiante/evalRend2610/bin/mxmPosixFxT 3200 4 
/home/estudiante/evalRend2610/bin/mxmPosixFxT 3200 4 
/home/estudiante/evalRend2610/bin/mxmPosixFxT 3200 4 
/home/estudiante/evalRend2610/bin/mxmPosixFxT 3200 4 
/home/estudiante/evalRend2610/bin/mxmPosixFxT 3200 4 
/home/estudiante/evalRend2610/bin/mxmPosixFxT 3200 4 
/home/estudiante/evalRend2610/bin/mxmPosixFxT 3200 4 
/home/estudiante/evalRend2610/bin/mxmPosixFxT 3200 4 
/home/estudiante/evalRend2610/bin/mxmPosixFxT 3200 4 
/home/estudiante/evalRend2610/bin/mxmPosixFxT 3200 4 
/home/estudiante/evalRend2610/bin/mxmPosixFxT 3200 4 
/home/estudiante/evalRend2610/bin/mxmPosixFxT 3200 4 
/home/estudiante/evalRend2610/bin/mxmPosixFxT 3200 4 
/home/estudiante/evalRend2610/Soluciones/mxmForkFxC-200-Hilos-1.dat 
/home/estudiante/evalRend2610/bin/mxmForkFxC 200 1 
/home/estudiante/evalRend2610/bin/mxmForkFxC 200 1 
/home/estudiante/evalRend2610/bin/mxmForkFxC 200 1 
/home/estudiante/evalRend2610/bin/mxmForkFxC 200 1 
/home/estudiante/evalRend2610/bin/mxmForkFxC 200 1 
/home/estudiante/evalRend2610/bin/mxmForkFxC 200 1 
/home/estudiante/evalRend2610/bin/mxmForkFxC 200 1 
/home/estudiante/evalRend2610/bin/mxmForkFxC 200 1 
/home/estudiante/evalRend2610/bin/mxmForkFxC 200 1 
/home/estudiante/evalRend2610/bin/mxmForkFxC 200 1 
/home/estudiante/evalRend2610/bin/mxmForkFxC 200 1 
/home/estudiante/evalRend2610/bin/mxmForkFxC 200 1 
/home/estudiante/evalRend2610/bin/mxmForkFxC 200 1 
/home/estudiante/evalRend2610/bin/mxmForkFxC 200 1 
/home/estudiante/evalRend2610/bin/mxmForkFxC 200 1 
/home/estudiante/evalRend2610/bin/mxmForkFxC 200 1 
/home/estudiante/evalRend2610/bin/mxmForkFxC 200 1 
/home/estudiante/evalRend2610/bin/mxmForkFxC 200 1 
/home/estudiante/evalRend2610/bin/mxmForkFxC 200 1 
/home/estudiante/evalRend2610/bin/mxmForkFxC 200 1 
/home/estudiante/evalRend2610/bin/mxmForkFxC 200 1 
/home/estudiante/evalRend2610/bin/mxmForkFxC 200 1 
/home/estudiante/evalRend2610/bin/mxmForkFxC 200 1 
/home/estudiante/evalRend2610/bin/mxmForkFxC 200 1 
/home/estudiante/evalRend2610/bin/mxmForkFxC 200 1 
/home/estudiante/evalRend2610/bin/mxmForkFxC 200 1 
/home/estudiante/evalRend2610/bin/mxmForkFxC 200 1 
/home/estudiante/evalRend2610/bin/mxmForkFxC 200 1 
/home/estudiante/evalRend2610/bin/mxmForkFxC 200 1 
/home/estudiante/evalRend2610/bin/mxmForkFxC 200 1 
/home/estudiante/evalRend2610/Soluciones/mxmForkFxC-200-Hilos-2.dat 
/home/estudiante/evalRend2610/bin/mxmForkFxC 200 2 
/home/estudiante/evalRend2610/bin/mxmForkFxC 200 2 
/home/estudiante/evalRend2610/bin/mxmForkFxC 200 2 
/home/estudiante/evalRend2610/bin/mxmForkFxC 200 2 
/home/estudiante/evalRend2610/bin/mxmForkFxC 200 2 
/home/estudiante/evalRend2610/bin/mxmForkFxC 200 2 
/home/estudiante/evalRend2610/bin/mxmForkFxC 200 2 
/home/estudiante/evalRend2610/bin/mxmForkFxC 200 2 
/home/estudiante/evalRend2610/bin/mxmForkFxC 200 2 
/home/estudiante/evalRend2610/bin/mxmForkFxC 200 2 
/home/estudiante/evalRend2610/bin/mxmForkFxC 200 2 
/home/estudiante/evalRend2610/bin/mxmForkFxC 200 2 
/home/estudiante/evalRend2610/bin/mxmForkFxC 200 2 
/home/estudiante/evalRend2610/bin/mxmForkFxC 200 2 
/home/estudiante/evalRend2610/bin/mxmForkFxC 200 2 
/home/estudiante/evalRend2610/bin/mxmForkFxC 200 2 
/home/estudiante/evalRend2610/bin/mxmForkFxC 200 2 
/home/estudiante/evalRend2610/bin/mxmForkFxC 200 2 
/home/estudiante/evalRend2610/bin/mxmForkFxC 200 2 
/home/estudiante/evalRend2610/bin/mxmForkFxC 200 2 
/home/estudiante/evalRend2610/bin/mxmForkFxC 200 2 
/home/estudiante/evalRend2610/bin/mxmForkFxC 200 2 
/home/estudiante/evalRend2610/bin/mxmForkFxC 200 2 
/home/estudiante/evalRend2610/bin/mxmForkFxC 200 2 
/home/estudiante/evalRend2610/bin/mxmForkFxC 200 2 
/home/estudiante/evalRend2610/bin/mxmForkFxC 200 2 
/home/estudiante/evalRend2610/bin/mxmForkFxC 200 2 
/home/estudiante/evalRend2610/bin/mxmForkFxC 200 2 
/home/estudiante/evalRend2610/bin/mxmForkFxC 200 2 
/home/estudiante/evalRend2610/bin/mxmForkFxC 200 2 
/home/estudiante/evalRend2610/Soluciones/mxmForkFxC-200-Hilos-4.dat 
/home/estudiante/evalRend2610/bin/mxmForkFxC 200 4 
/home/estudiante/evalRend2610/bin/mxmForkFxC 200 4 
/home/estudiante/evalRend2610/bin/mxmForkFxC 200 4 
/home/estudiante/evalRend2610/bin/mxmForkFxC 200 4 
/home/estudiante/evalRend2610/bin/mxmForkFxC 200 4 
/home/estudiante/evalRend2610/bin/mxmForkFxC 200 4 
/home/estudiante/evalRend2610/bin/mxmForkFxC 200 4 
/home/estudiante/evalRend2610/bin/mxmForkFxC 200 4 
/home/estudiante/evalRend2610/bin/mxmForkFxC 200 4 
/home/estudiante/evalRend2610/bin/mxmForkFxC 200 4 
/home/estudiante/evalRend2610/bin/mxmForkFxC 200 4 
/home/estudiante/evalRend2610/bin/mxmForkFxC 200 4 
/home/estudiante/evalRend2610/bin/mxmForkFxC 200 4 
/home/estudiante/evalRend2610/bin/mxmForkFxC 200 4 
/home/estudiante/evalRend2610/bin/mxmForkFxC 200 4 
/home/estudiante/evalRend2610/bin/mxmForkFxC 200 4 
/home/estudiante/evalRend2610/bin/mxmForkFxC 200 4 
/home/estudiante/evalRend2610/bin/mxmForkFxC 200 4 
/home/estudiante/evalRend2610/bin/mxmForkFxC 200 4 
/home/estudiante/evalRend2610/bin/mxmForkFxC 200 4 
/home/estudiante/evalRend2610/bin/mxmForkFxC 200 4 
/home/estudiante/evalRend2610/bin/mxmForkFxC 200 4 
/home/estudiante/evalRend2610/bin/mxmForkFxC 200 4 
/home/estudiante/evalRend2610/bin/mxmForkFxC 200 4 
/home/estudiante/evalRend2610/bin/mxmForkFxC 200 4 
/home/estudiante/evalRend2610/bin/mxmForkFxC 200 4 
/home/estudiante/evalRend2610/bin/mxmForkFxC 200 4 
/home/estudiante/evalRend2610/bin/mxmForkFxC 200 4 
/home/estudiante/evalRend2610/bin/mxmForkFxC 200 4 
/home/estudiante/evalRend2610/bin/mxmForkFxC 200 4 
/home/estudiante/evalRend2610/Soluciones/mxmForkFxC-800-Hilos-1.dat 
/home/estudiante/evalRend2610/bin/mxmForkFxC 800 1 
/home/estudiante/evalRend2610/bin/mxmForkFxC 800 1 
/home/estudiante/evalRend2610/bin/mxmForkFxC 800 1 
/home/estudiante/evalRend2610/bin/mxmForkFxC 800 1 
/home/estudiante/evalRend2610/bin/mxmForkFxC 800 1 
/home/estudiante/evalRend2610/bin/mxmForkFxC 800 1 
/home/estudiante/evalRend2610/bin/mxmForkFxC 800 1 
/home/estudiante/evalRend2610/bin/mxmForkFxC 800 1 
/home/estudiante/evalRend2610/bin/mxmForkFxC 800 1 
/home/estudiante/evalRend2610/bin/mxmForkFxC 800 1 
/home/estudiante/evalRend2610/bin/mxmForkFxC 800 1 
/home/estudiante/evalRend2610/bin/mxmForkFxC 800 1 
/home/estudiante/evalRend2610/bin/mxmForkFxC 800 1 
/home/estudiante/evalRend2610/bin/mxmForkFxC 800 1 
/home/estudiante/evalRend2610/bin/mxmForkFxC 800 1 
/home/estudiante/evalRend2610/bin/mxmForkFxC 800 1 
/home/estudiante/evalRend2610/bin/mxmForkFxC 800 1 
/home/estudiante/evalRend2610/bin/mxmForkFxC 800 1 
/home/estudiante/evalRend2610/bin/mxmForkFxC 800 1 
/home/estudiante/evalRend2610/bin/mxmForkFxC 800 1 
/home/estudiante/evalRend2610/bin/mxmForkFxC 800 1 
/home/estudiante/evalRend2610/bin/mxmForkFxC 800 1 
/home/estudiante/evalRend2610/bin/mxmForkFxC 800 1 
/home/estudiante/evalRend2610/bin/mxmForkFxC 800 1 
/home/estudiante/evalRend2610/bin/mxmForkFxC 800 1 
/home/estudiante/evalRend2610/bin/mxmForkFxC 800 1 
/home/estudiante/evalRend2610/bin/mxmForkFxC 800 1 
/home/estudiante/evalRend2610/bin/mxmForkFxC 800 1 
/home/estudiante/evalRend2610/bin/mxmForkFxC 800 1 
/home/estudiante/evalRend2610/bin/mxmForkFxC 800 1 
/home/estudiante/evalRend2610/Soluciones/mxmForkFxC-800-Hilos-2.dat 
/home/estudiante/evalRend2610/bin/mxmForkFxC 800 2 
/home/estudiante/evalRend2610/bin/mxmForkFxC 800 2 
/home/estudiante/evalRend2610/bin/mxmForkFxC 800 2 
/home/estudiante/evalRend2610/bin/mxmForkFxC 800 2 
/home/estudiante/evalRend2610/bin/mxmForkFxC 800 2 
/home/estudiante/evalRend2610/bin/mxmForkFxC 800 2 
/home/estudiante/evalRend2610/bin/mxmForkFxC 800 2 
/home/estudiante/evalRend2610/bin/mxmForkFxC 800 2 
/home/estudiante/evalRend2610/bin/mxmForkFxC 800 2 
/home/estudiante/evalRend2610/bin/mxmForkFxC 800 2 
/home/estudiante/evalRend2610/bin/mxmForkFxC 800 2 
/home/estudiante/evalRend2610/bin/mxmForkFxC 800 2 
/home/estudiante/evalRend2610/bin/mxmForkFxC 800 2 
/home/estudiante/evalRend2610/bin/mxmForkFxC 800 2 
/home/estudiante/evalRend2610/bin/mxmForkFxC 800 2 
/home/estudiante/evalRend2610/bin/mxmForkFxC 800 2 
/home/estudiante/evalRend2610/bin/mxmForkFxC 800 2 
/home/estudiante/evalRend2610/bin/mxmForkFxC 800 2 
/home/estudiante/evalRend2610/bin/mxmForkFxC 800 2 
/home/estudiante/evalRend2610/bin/mxmForkFxC 800 2 
/home/estudiante/evalRend2610/bin/mxmForkFxC 800 2 
/home/estudiante/evalRend2610/bin/mxmForkFxC 800 2 
/home/estudiante/evalRend2610/bin/mxmForkFxC 800 2 
/home/estudiante/evalRend2610/bin/mxmForkFxC 800 2 
/home/estudiante/evalRend2610/bin/mxmForkFxC 800 2 
/home/estudiante/evalRend2610/bin/mxmForkFxC 800 2 
/home/estudiante/evalRend2610/bin/mxmForkFxC 800 2 
/home/estudiante/evalRend2610/bin/mxmForkFxC 800 2 
/home/estudiante/evalRend2610/bin/mxmForkFxC 800 2 
/home/estudiante/evalRend2610/bin/mxmForkFxC 800 2 
/home/estudiante/evalRend2610/Soluciones/mxmForkFxC-800-Hilos-4.dat 
/home/estudiante/evalRend2610/bin/mxmForkFxC 800 4 
/home/estudiante/evalRend2610/bin/mxmForkFxC 800 4 
/home/estudiante/evalRend2610/bin/mxmForkFxC 800 4 
/home/estudiante/evalRend2610/bin/mxmForkFxC 800 4 
/home/estudiante/evalRend2610/bin/mxmForkFxC 800 4 
/home/estudiante/evalRend2610/bin/mxmForkFxC 800 4 
/home/estudiante/evalRend2610/bin/mxmForkFxC 800 4 
/home/estudiante/evalRend2610/bin/mxmForkFxC 800 4 
/home/estudiante/evalRend2610/bin/mxmForkFxC 800 4 
/home/estudiante/evalRend2610/bin/mxmForkFxC 800 4 
/home/estudiante/evalRend2610/bin/mxmForkFxC 800 4 
/home/estudiante/evalRend2610/bin/mxmForkFxC 800 4 
/home/estudiante/evalRend2610/bin/mxmForkFxC 800 4 
/home/estudiante/evalRend2610/bin/mxmForkFxC 800 4 
/home/estudiante/evalRend2610/bin/mxmForkFxC 800 4 
/home/estudiante/evalRend2610/bin/mxmForkFxC 800 4 
/home/estudiante/evalRend2610/bin/mxmForkFxC 800 4 
/home/estudiante/evalRend2610/bin/mxmForkFxC 800 4 
/home/estudiante/evalRend2610/bin/mxmForkFxC 800 4 
/home/estudiante/evalRend2610/bin/mxmForkFxC 800 4 
/home/estudiante/evalRend2610/bin/mxmForkFxC 800 4 
/home/estudiante/evalRend2610/bin/mxmForkFxC 800 4 
/home/estudiante/evalRend2610/bin/mxmForkFxC 800 4 
/home/estudiante/evalRend2610/bin/mxmForkFxC 800 4 
/home/estudiante/evalRend2610/bin/mxmForkFxC 800 4 
/home/estudiante/evalRend2610/bin/mxmForkFxC 800 4 
/home/estudiante/evalRend2610/bin/mxmForkFxC 800 4 
/home/estudiante/evalRend2610/bin/mxmForkFxC 800 4 
/home/estudiante/evalRend2610/bin/mxmForkFxC 800 4 
/home/estudiante/evalRend2610/bin/mxmForkFxC 800 4 
/home/estudiante/evalRend2610/Soluciones/mxmForkFxC-1600-Hilos-1.dat 
/home/estudiante/evalRend2610/bin/mxmForkFxC 1600 1 
/home/estudiante/evalRend2610/bin/mxmForkFxC 1600 1 
/home/estudiante/evalRend2610/bin/mxmForkFxC 1600 1 
/home/estudiante/evalRend2610/bin/mxmForkFxC 1600 1 
/home/estudiante/evalRend2610/bin/mxmForkFxC 1600 1 
/home/estudiante/evalRend2610/bin/mxmForkFxC 1600 1 
/home/estudiante/evalRend2610/bin/mxmForkFxC 1600 1 
/home/estudiante/evalRend2610/bin/mxmForkFxC 1600 1 
/home/estudiante/evalRend2610/bin/mxmForkFxC 1600 1 
/home/estudiante/evalRend2610/bin/mxmForkFxC 1600 1 
/home/estudiante/evalRend2610/bin/mxmForkFxC 1600 1 
/home/estudiante/evalRend2610/bin/mxmForkFxC 1600 1 
/home/estudiante/evalRend2610/bin/mxmForkFxC 1600 1 
/home/estudiante/evalRend2610/bin/mxmForkFxC 1600 1 
/home/estudiante/evalRend2610/bin/mxmForkFxC 1600 1 
/home/estudiante/evalRend2610/bin/mxmForkFxC 1600 1 
/home/estudiante/evalRend2610/bin/mxmForkFxC 1600 1 
/home/estudiante/evalRend2610/bin/mxmForkFxC 1600 1 
/home/estudiante/evalRend2610/bin/mxmForkFxC 1600 1 
/home/estudiante/evalRend2610/bin/mxmForkFxC 1600 1 
/home/estudiante/evalRend2610/bin/mxmForkFxC 1600 1 
/home/estudiante/evalRend2610/bin/mxmForkFxC 1600 1 
/home/estudiante/evalRend2610/bin/mxmForkFxC 1600 1 
/home/estudiante/evalRend2610/bin/mxmForkFxC 1600 1 
/home/estudiante/evalRend2610/bin/mxmForkFxC 1600 1 
/home/estudiante/evalRend2610/bin/mxmForkFxC 1600 1 
/home/estudiante/evalRend2610/bin/mxmForkFxC 1600 1 
/home/estudiante/evalRend2610/bin/mxmForkFxC 1600 1 
/home/estudiante/evalRend2610/bin/mxmForkFxC 1600 1 
/home/estudiante/evalRend2610/bin/mxmForkFxC 1600 1 
/home/estudiante/evalRend2610/Soluciones/mxmForkFxC-1600-Hilos-2.dat 
/home/estudiante/evalRend2610/bin/mxmForkFxC 1600 2 
/home/estudiante/evalRend2610/bin/mxmForkFxC 1600 2 
/home/estudiante/evalRend2610/bin/mxmForkFxC 1600 2 
/home/estudiante/evalRend2610/bin/mxmForkFxC 1600 2 
/home/estudiante/evalRend2610/bin/mxmForkFxC 1600 2 
/home/estudiante/evalRend2610/bin/mxmForkFxC 1600 2 
/home/estudiante/evalRend2610/bin/mxmForkFxC 1600 2 
/home/estudiante/evalRend2610/bin/mxmForkFxC 1600 2 
/home/estudiante/evalRend2610/bin/mxmForkFxC 1600 2 
/home/estudiante/evalRend2610/bin/mxmForkFxC 1600 2 
/home/estudiante/evalRend2610/bin/mxmForkFxC 1600 2 
/home/estudiante/evalRend2610/bin/mxmForkFxC 1600 2 
/home/estudiante/evalRend2610/bin/mxmForkFxC 1600 2 
/home/estudiante/evalRend2610/bin/mxmForkFxC 1600 2 
/home/estudiante/evalRend2610/bin/mxmForkFxC 1600 2 
/home/estudiante/evalRend2610/bin/mxmForkFxC 1600 2 
/home/estudiante/evalRend2610/bin/mxmForkFxC 1600 2 
/home/estudiante/evalRend2610/bin/mxmForkFxC 1600 2 
/home/estudiante/evalRend2610/bin/mxmForkFxC 1600 2 
/home/estudiante/evalRend2610/bin/mxmForkFxC 1600 2 
/home/estudiante/evalRend2610/bin/mxmForkFxC 1600 2 
/home/estudiante/evalRend2610/bin/mxmForkFxC 1600 2 
/home/estudiante/evalRend2610/bin/mxmForkFxC 1600 2 
/home/estudiante/evalRend2610/bin/mxmForkFxC 1600 2 
/home/estudiante/evalRend2610/bin/mxmForkFxC 1600 2 
/home/estudiante/evalRend2610/bin/mxmForkFxC 1600 2 
/home/estudiante/evalRend2610/bin/mxmForkFxC 1600 2 
/home/estudiante/evalRend2610/bin/mxmForkFxC 1600 2 
/home/estudiante/evalRend2610/bin/mxmForkFxC 1600 2 
/home/estudiante/evalRend2610/bin/mxmForkFxC 1600 2 
/home/estudiante/evalRend2610/Soluciones/mxmForkFxC-1600-Hilos-4.dat 
/home/estudiante/evalRend2610/bin/mxmForkFxC 1600 4 
/home/estudiante/evalRend2610/bin/mxmForkFxC 1600 4 
/home/estudiante/evalRend2610/bin/mxmForkFxC 1600 4 
/home/estudiante/evalRend2610/bin/mxmForkFxC 1600 4 
/home/estudiante/evalRend2610/bin/mxmForkFxC 1600 4 
/home/estudiante/evalRend2610/bin/mxmForkFxC 1600 4 
/home/estudiante/evalRend2610/bin/mxmForkFxC 1600 4 
/home/estudiante/evalRend2610/bin/mxmForkFxC 1600 4 
/home/estudiante/evalRend2610/bin/mxmForkFxC 1600 4 
/home/estudiante/evalRend2610/bin/mxmForkFxC 1600 4 
/home/estudiante/evalRend2610/bin/mxmForkFxC 1600 4 
/home/estudiante/evalRend2610/bin/mxmForkFxC 1600 4 
/home/estudiante/evalRend2610/bin/mxmForkFxC 1600 4 
/home/estudiante/evalRend2610/bin/mxmForkFxC 1600 4 
/home/estudiante/evalRend2610/bin/mxmForkFxC 1600 4 
/home/estudiante/evalRend2610/bin/mxmForkFxC 1600 4 
/home/estudiante/evalRend2610/bin/mxmForkFxC 1600 4 
/home/estudiante/evalRend2610/bin/mxmForkFxC 1600 4 
/home/estudiante/evalRend2610/bin/mxmForkFxC 1600 4 
/home/estudiante/evalRend2610/bin/mxmForkFxC 1600 4 
/home/estudiante/evalRend2610/bin/mxmForkFxC 1600 4 
/home/estudiante/evalRend2610/bin/mxmForkFxC 1600 4 
/home/estudiante/evalRend2610/bin/mxmForkFxC 1600 4 
/home/estudiante/evalRend2610/bin/mxmForkFxC 1600 4 
/home/estudiante/evalRend2610/bin/mxmForkFxC 1600 4 
/home/estudiante/evalRend2610/bin/mxmForkFxC 1600 4 
/home/estudiante/evalRend2610/bin/mxmForkFxC 1600 4 
/home/estudiante/evalRend2610/bin/mxmForkFxC 1600 4 
/home/estudiante/evalRend2610/bin/mxmForkFxC 1600 4 
/home/estudiante/evalRend2610/bin/mxmForkFxC 1600 4 
/home/estudiante/evalRend2610/Soluciones/mxmForkFxC-3200-Hilos-1.dat 
/home/estudiante/evalRend2610/bin/mxmForkFxC 3200 1 
/home/estudiante/evalRend2610/bin/mxmForkFxC 3200 1 
/home/estudiante/evalRend2610/bin/mxmForkFxC 3200 1 
/home/estudiante/evalRend2610/bin/mxmForkFxC 3200 1 
/home/estudiante/evalRend2610/bin/mxmForkFxC 3200 1 
/home/estudiante/evalRend2610/bin/mxmForkFxC 3200 1 
/home/estudiante/evalRend2610/bin/mxmForkFxC 3200 1 
/home/estudiante/evalRend2610/bin/mxmForkFxC 3200 1 
/home/estudiante/evalRend2610/bin/mxmForkFxC 3200 1 
/home/estudiante/evalRend2610/bin/mxmForkFxC 3200 1 
/home/estudiante/evalRend2610/bin/mxmForkFxC 3200 1 
/home/estudiante/evalRend2610/bin/mxmForkFxC 3200 1 
/home/estudiante/evalRend2610/bin/mxmForkFxC 3200 1 
/home/estudiante/evalRend2610/bin/mxmForkFxC 3200 1 
/home/estudiante/evalRend2610/bin/mxmForkFxC 3200 1 
/home/estudiante/evalRend2610/bin/mxmForkFxC 3200 1 
/home/estudiante/evalRend2610/bin/mxmForkFxC 3200 1 
/home/estudiante/evalRend2610/bin/mxmForkFxC 3200 1 
/home/estudiante/evalRend2610/bin/mxmForkFxC 3200 1 
/home/estudiante/evalRend2610/bin/mxmForkFxC 3200 1 
/home/estudiante/evalRend2610/bin/mxmForkFxC 3200 1 
/home/estudiante/evalRend2610/bin/mxmForkFxC 3200 1 
/home/estudiante/evalRend2610/bin/mxmForkFxC 3200 1 
/home/estudiante/evalRend2610/bin/mxmForkFxC 3200 1 
/home/estudiante/evalRend2610/bin/mxmForkFxC 3200 1 
/home/estudiante/evalRend2610/bin/mxmForkFxC 3200 1 
/home/estudiante/evalRend2610/bin/mxmForkFxC 3200 1 
/home/estudiante/evalRend2610/bin/mxmForkFxC 3200 1 
/home/estudiante/evalRend2610/bin/mxmForkFxC 3200 1 
/home/estudiante/evalRend2610/bin/mxmForkFxC 3200 1 
/home/estudiante/evalRend2610/Soluciones/mxmForkFxC-3200-Hilos-2.dat 
/home/estudiante/evalRend2610/bin/mxmForkFxC 3200 2 
/home/estudiante/evalRend2610/bin/mxmForkFxC 3200 2 
/home/estudiante/evalRend2610/bin/mxmForkFxC 3200 2 
/home/estudiante/evalRend2610/bin/mxmForkFxC 3200 2 
/home/estudiante/evalRend2610/bin/mxmForkFxC 3200 2 
/home/estudiante/evalRend2610/bin/mxmForkFxC 3200 2 
/home/estudiante/evalRend2610/bin/mxmForkFxC 3200 2 
/home/estudiante/evalRend2610/bin/mxmForkFxC 3200 2 
/home/estudiante/evalRend2610/bin/mxmForkFxC 3200 2 
/home/estudiante/evalRend2610/bin/mxmForkFxC 3200 2 
/home/estudiante/evalRend2610/bin/mxmForkFxC 3200 2 
/home/estudiante/evalRend2610/bin/mxmForkFxC 3200 2 
/home/estudiante/evalRend2610/bin/mxmForkFxC 3200 2 
/home/estudiante/evalRend2610/bin/mxmForkFxC 3200 2 
/home/estudiante/evalRend2610/bin/mxmForkFxC 3200 2 
/home/estudiante/evalRend2610/bin/mxmForkFxC 3200 2 
/home/estudiante/evalRend2610/bin/mxmForkFxC 3200 2 
/home/estudiante/evalRend2610/bin/mxmForkFxC 3200 2 
/home/estudiante/evalRend2610/bin/mxmForkFxC 3200 2 
/home/estudiante/evalRend2610/bin/mxmForkFxC 3200 2 
/home/estudiante/evalRend2610/bin/mxmForkFxC 3200 2 
/home/estudiante/evalRend2610/bin/mxmForkFxC 3200 2 
/home/estudiante/evalRend2610/bin/mxmForkFxC 3200 2 
/home/estudiante/evalRend2610/bin/mxmForkFxC 3200 2 
/home/estudiante/evalRend2610/bin/mxmForkFxC 3200 2 
/home/estudiante/evalRend2610/bin/mxmForkFxC 3200 2 
/home/estudiante/evalRend2610/bin/mxmForkFxC 3200 2 
/home/estudiante/evalRend2610/bin/mxmForkFxC 3200 2 
/home/estudiante/evalRend2610/bin/mxmForkFxC 3200 2 
/home/estudiante/evalRend2610/bin/mxmForkFxC 3200 2 
/home/estudiante/evalRend2610/Soluciones/mxmForkFxC-3200-Hilos-4.dat 
/home/estudiante/evalRend2610/bin/mxmForkFxC 3200 4 
/home/estudiante/evalRend2610/bin/mxmForkFxC 3200 4 
/home/estudiante/evalRend2610/bin/mxmForkFxC 3200 4 
/home/estudiante/evalRend2610/bin/mxmForkFxC 3200 4 
/home/estudiante/evalRend2610/bin/mxmForkFxC 3200 4 
/home/estudiante/evalRend2610/bin/mxmForkFxC 3200 4 
/home/estudiante/evalRend2610/bin/mxmForkFxC 3200 4 
/home/estudiante/evalRend2610/bin/mxmForkFxC 3200 4 
/home/estudiante/evalRend2610/bin/mxmForkFxC 3200 4 
/home/estudiante/evalRend2610/bin/mxmForkFxC 3200 4 
/home/estudiante/evalRend2610/bin/mxmForkFxC 3200 4 
/home/estudiante/evalRend2610/bin/mxmForkFxC 3200 4 
/home/estudiante/evalRend2610/bin/mxmForkFxC 3200 4 
/home/estudiante/evalRend2610/bin/mxmForkFxC 3200 4 
/home/estudiante/evalRend2610/bin/mxmForkFxC 3200 4 
/home/estudiante/evalRend2610/bin/mxmForkFxC 3200 4 
/home/estudiante/evalRend2610/bin/mxmForkFxC 3200 4 
/home/estudiante/evalRend2610/bin/mxmForkFxC 3200 4 
/home/estudiante/evalRend2610/bin/mxmForkFxC 3200 4 
/home/estudiante/evalRend2610/bin/mxmForkFxC 3200 4 
/home/estudiante/evalRend2610/bin/mxmForkFxC 3200 4 
/home/estudiante/evalRend2610/bin/mxmForkFxC 3200 4 
/home/estudiante/evalRend2610/bin/mxmForkFxC 3200 4 
/home/estudiante/evalRend2610/bin/mxmForkFxC 3200 4 
/home/estudiante/evalRend2610/bin/mxmForkFxC 3200 4 
/home/estudiante/evalRend2610/bin/mxmForkFxC 3200 4 
/home/estudiante/evalRend2610/bin/mxmForkFxC 3200 4 
/home/estudiante/evalRend2610/bin/mxmForkFxC 3200 4 
/home/estudiante/evalRend2610/bin/mxmForkFxC 3200 4 
/home/estudiante/evalRend2610/bin/mxmForkFxC 3200 4 
/home/estudiante/evalRend2610/Soluciones/mxmForkFxT-200-Hilos-1.dat 
/home/estudiante/evalRend2610/bin/mxmForkFxT 200 1 
/home/estudiante/evalRend2610/bin/mxmForkFxT 200 1 
/home/estudiante/evalRend2610/bin/mxmForkFxT 200 1 
/home/estudiante/evalRend2610/bin/mxmForkFxT 200 1 
/home/estudiante/evalRend2610/bin/mxmForkFxT 200 1 
/home/estudiante/evalRend2610/bin/mxmForkFxT 200 1 
/home/estudiante/evalRend2610/bin/mxmForkFxT 200 1 
/home/estudiante/evalRend2610/bin/mxmForkFxT 200 1 
/home/estudiante/evalRend2610/bin/mxmForkFxT 200 1 
/home/estudiante/evalRend2610/bin/mxmForkFxT 200 1 
/home/estudiante/evalRend2610/bin/mxmForkFxT 200 1 
/home/estudiante/evalRend2610/bin/mxmForkFxT 200 1 
/home/estudiante/evalRend2610/bin/mxmForkFxT 200 1 
/home/estudiante/evalRend2610/bin/mxmForkFxT 200 1 
/home/estudiante/evalRend2610/bin/mxmForkFxT 200 1 
/home/estudiante/evalRend2610/bin/mxmForkFxT 200 1 
/home/estudiante/evalRend2610/bin/mxmForkFxT 200 1 
/home/estudiante/evalRend2610/bin/mxmForkFxT 200 1 
/home/estudiante/evalRend2610/bin/mxmForkFxT 200 1 
/home/estudiante/evalRend2610/bin/mxmForkFxT 200 1 
/home/estudiante/evalRend2610/bin/mxmForkFxT 200 1 
/home/estudiante/evalRend2610/bin/mxmForkFxT 200 1 
/home/estudiante/evalRend2610/bin/mxmForkFxT 200 1 
/home/estudiante/evalRend2610/bin/mxmForkFxT 200 1 
/home/estudiante/evalRend2610/bin/mxmForkFxT 200 1 
/home/estudiante/evalRend2610/bin/mxmForkFxT 200 1 
/home/estudiante/evalRend2610/bin/mxmForkFxT 200 1 
/home/estudiante/evalRend2610/bin/mxmForkFxT 200 1 
/home/estudiante/evalRend2610/bin/mxmForkFxT 200 1 
/home/estudiante/evalRend2610/bin/mxmForkFxT 200 1 
/home/estudiante/evalRend2610/Soluciones/mxmForkFxT-200-Hilos-2.dat 
/home/estudiante/evalRend2610/bin/mxmForkFxT 200 2 
/home/estudiante/evalRend2610/bin/mxmForkFxT 200 2 
/home/estudiante/evalRend2610/bin/mxmForkFxT 200 2 
/home/estudiante/evalRend2610/bin/mxmForkFxT 200 2 
/home/estudiante/evalRend2610/bin/mxmForkFxT 200 2 
/home/estudiante/evalRend2610/bin/mxmForkFxT 200 2 
/home/estudiante/evalRend2610/bin/mxmForkFxT 200 2 
/home/estudiante/evalRend2610/bin/mxmForkFxT 200 2 
/home/estudiante/evalRend2610/bin/mxmForkFxT 200 2 
/home/estudiante/evalRend2610/bin/mxmForkFxT 200 2 
/home/estudiante/evalRend2610/bin/mxmForkFxT 200 2 
/home/estudiante/evalRend2610/bin/mxmForkFxT 200 2 
/home/estudiante/evalRend2610/bin/mxmForkFxT 200 2 
/home/estudiante/evalRend2610/bin/mxmForkFxT 200 2 
/home/estudiante/evalRend2610/bin/mxmForkFxT 200 2 
/home/estudiante/evalRend2610/bin/mxmForkFxT 200 2 
/home/estudiante/evalRend2610/bin/mxmForkFxT 200 2 
/home/estudiante/evalRend2610/bin/mxmForkFxT 200 2 
/home/estudiante/evalRend2610/bin/mxmForkFxT 200 2 
/home/estudiante/evalRend2610/bin/mxmForkFxT 200 2 
/home/estudiante/evalRend2610/bin/mxmForkFxT 200 2 
/home/estudiante/evalRend2610/bin/mxmForkFxT 200 2 
/home/estudiante/evalRend2610/bin/mxmForkFxT 200 2 
/home/estudiante/evalRend2610/bin/mxmForkFxT 200 2 
/home/estudiante/evalRend2610/bin/mxmForkFxT 200 2 
/home/estudiante/evalRend2610/bin/mxmForkFxT 200 2 
/home/estudiante/evalRend2610/bin/mxmForkFxT 200 2 
/home/estudiante/evalRend2610/bin/mxmForkFxT 200 2 
/home/estudiante/evalRend2610/bin/mxmForkFxT 200 2 
/home/estudiante/evalRend2610/bin/mxmForkFxT 200 2 
/home/estudiante/evalRend2610/Soluciones/mxmForkFxT-200-Hilos-4.dat 
/home/estudiante/evalRend2610/bin/mxmForkFxT 200 4 
/home/estudiante/evalRend2610/bin/mxmForkFxT 200 4 
/home/estudiante/evalRend2610/bin/mxmForkFxT 200 4 
/home/estudiante/evalRend2610/bin/mxmForkFxT 200 4 
/home/estudiante/evalRend2610/bin/mxmForkFxT 200 4 
/home/estudiante/evalRend2610/bin/mxmForkFxT 200 4 
/home/estudiante/evalRend2610/bin/mxmForkFxT 200 4 
/home/estudiante/evalRend2610/bin/mxmForkFxT 200 4 
/home/estudiante/evalRend2610/bin/mxmForkFxT 200 4 
/home/estudiante/evalRend2610/bin/mxmForkFxT 200 4 
/home/estudiante/evalRend2610/bin/mxmForkFxT 200 4 
/home/estudiante/evalRend2610/bin/mxmForkFxT 200 4 
/home/estudiante/evalRend2610/bin/mxmForkFxT 200 4 
/home/estudiante/evalRend2610/bin/mxmForkFxT 200 4 
/home/estudiante/evalRend2610/bin/mxmForkFxT 200 4 
/home/estudiante/evalRend2610/bin/mxmForkFxT 200 4 
/home/estudiante/evalRend2610/bin/mxmForkFxT 200 4 
/home/estudiante/evalRend2610/bin/mxmForkFxT 200 4 
/home/estudiante/evalRend2610/bin/mxmForkFxT 200 4 
/home/estudiante/evalRend2610/bin/mxmForkFxT 200 4 
/home/estudiante/evalRend2610/bin/mxmForkFxT 200 4 
/home/estudiante/evalRend2610/bin/mxmForkFxT 200 4 
/home/estudiante/evalRend2610/bin/mxmForkFxT 200 4 
/home/estudiante/evalRend2610/bin/mxmForkFxT 200 4 
/home/estudiante/evalRend2610/bin/mxmForkFxT 200 4 
/home/estudiante/evalRend2610/bin/mxmForkFxT 200 4 
/home/estudiante/evalRend2610/bin/mxmForkFxT 200 4 
/home/estudiante/evalRend2610/bin/mxmForkFxT 200 4 
/home/estudiante/evalRend2610/bin/mxmForkFxT 200 4 
/home/estudiante/evalRend2610/bin/mxmForkFxT 200 4 
/home/estudiante/evalRend2610/Soluciones/mxmForkFxT-800-Hilos-1.dat 
/home/estudiante/evalRend2610/bin/mxmForkFxT 800 1 
/home/estudiante/evalRend2610/bin/mxmForkFxT 800 1 
/home/estudiante/evalRend2610/bin/mxmForkFxT 800 1 
/home/estudiante/evalRend2610/bin/mxmForkFxT 800 1 
/home/estudiante/evalRend2610/bin/mxmForkFxT 800 1 
/home/estudiante/evalRend2610/bin/mxmForkFxT 800 1 
/home/estudiante/evalRend2610/bin/mxmForkFxT 800 1 
/home/estudiante/evalRend2610/bin/mxmForkFxT 800 1 
/home/estudiante/evalRend2610/bin/mxmForkFxT 800 1 
/home/estudiante/evalRend2610/bin/mxmForkFxT 800 1 
/home/estudiante/evalRend2610/bin/mxmForkFxT 800 1 
/home/estudiante/evalRend2610/bin/mxmForkFxT 800 1 
/home/estudiante/evalRend2610/bin/mxmForkFxT 800 1 
/home/estudiante/evalRend2610/bin/mxmForkFxT 800 1 
/home/estudiante/evalRend2610/bin/mxmForkFxT 800 1 
/home/estudiante/evalRend2610/bin/mxmForkFxT 800 1 
/home/estudiante/evalRend2610/bin/mxmForkFxT 800 1 
/home/estudiante/evalRend2610/bin/mxmForkFxT 800 1 
/home/estudiante/evalRend2610/bin/mxmForkFxT 800 1 
/home/estudiante/evalRend2610/bin/mxmForkFxT 800 1 
/home/estudiante/evalRend2610/bin/mxmForkFxT 800 1 
/home/estudiante/evalRend2610/bin/mxmForkFxT 800 1 
/home/estudiante/evalRend2610/bin/mxmForkFxT 800 1 
/home/estudiante/evalRend2610/bin/mxmForkFxT 800 1 
/home/estudiante/evalRend2610/bin/mxmForkFxT 800 1 
/home/estudiante/evalRend2610/bin/mxmForkFxT 800 1 
/home/estudiante/evalRend2610/bin/mxmForkFxT 800 1 
/home/estudiante/evalRend2610/bin/mxmForkFxT 800 1 
/home/estudiante/evalRend2610/bin/mxmForkFxT 800 1 
/home/estudiante/evalRend2610/bin/mxmForkFxT 800 1 
/home/estudiante/evalRend2610/Soluciones/mxmForkFxT-800-Hilos-2.dat 
/home/estudiante/evalRend2610/bin/mxmForkFxT 800 2 
/home/estudiante/evalRend2610/bin/mxmForkFxT 800 2 
/home/estudiante/evalRend2610/bin/mxmForkFxT 800 2 
/home/estudiante/evalRend2610/bin/mxmForkFxT 800 2 
/home/estudiante/evalRend2610/bin/mxmForkFxT 800 2 
/home/estudiante/evalRend2610/bin/mxmForkFxT 800 2 
/home/estudiante/evalRend2610/bin/mxmForkFxT 800 2 
/home/estudiante/evalRend2610/bin/mxmForkFxT 800 2 
/home/estudiante/evalRend2610/bin/mxmForkFxT 800 2 
/home/estudiante/evalRend2610/bin/mxmForkFxT 800 2 
/home/estudiante/evalRend2610/bin/mxmForkFxT 800 2 
/home/estudiante/evalRend2610/bin/mxmForkFxT 800 2 
/home/estudiante/evalRend2610/bin/mxmForkFxT 800 2 
/home/estudiante/evalRend2610/bin/mxmForkFxT 800 2 
/home/estudiante/evalRend2610/bin/mxmForkFxT 800 2 
/home/estudiante/evalRend2610/bin/mxmForkFxT 800 2 
/home/estudiante/evalRend2610/bin/mxmForkFxT 800 2 
/home/estudiante/evalRend2610/bin/mxmForkFxT 800 2 
/home/estudiante/evalRend2610/bin/mxmForkFxT 800 2 
/home/estudiante/evalRend2610/bin/mxmForkFxT 800 2 
/home/estudiante/evalRend2610/bin/mxmForkFxT 800 2 
/home/estudiante/evalRend2610/bin/mxmForkFxT 800 2 
/home/estudiante/evalRend2610/bin/mxmForkFxT 800 2 
/home/estudiante/evalRend2610/bin/mxmForkFxT 800 2 
/home/estudiante/evalRend2610/bin/mxmForkFxT 800 2 
/home/estudiante/evalRend2610/bin/mxmForkFxT 800 2 
/home/estudiante/evalRend2610/bin/mxmForkFxT 800 2 
/home/estudiante/evalRend2610/bin/mxmForkFxT 800 2 
/home/estudiante/evalRend2610/bin/mxmForkFxT 800 2 
/home/estudiante/evalRend2610/bin/mxmForkFxT 800 2 
/home/estudiante/evalRend2610/Soluciones/mxmForkFxT-800-Hilos-4.dat 
/home/estudiante/evalRend2610/bin/mxmForkFxT 800 4 
/home/estudiante/evalRend2610/bin/mxmForkFxT 800 4 
/home/estudiante/evalRend2610/bin/mxmForkFxT 800 4 
/home/estudiante/evalRend2610/bin/mxmForkFxT 800 4 
/home/estudiante/evalRend2610/bin/mxmForkFxT 800 4 
/home/estudiante/evalRend2610/bin/mxmForkFxT 800 4 
/home/estudiante/evalRend2610/bin/mxmForkFxT 800 4 
/home/estudiante/evalRend2610/bin/mxmForkFxT 800 4 
/home/estudiante/evalRend2610/bin/mxmForkFxT 800 4 
/home/estudiante/evalRend2610/bin/mxmForkFxT 800 4 
/home/estudiante/evalRend2610/bin/mxmForkFxT 800 4 
/home/estudiante/evalRend2610/bin/mxmForkFxT 800 4 
/home/estudiante/evalRend2610/bin/mxmForkFxT 800 4 
/home/estudiante/evalRend2610/bin/mxmForkFxT 800 4 
/home/estudiante/evalRend2610/bin/mxmForkFxT 800 4 
/home/estudiante/evalRend2610/bin/mxmForkFxT 800 4 
/home/estudiante/evalRend2610/bin/mxmForkFxT 800 4 
/home/estudiante/evalRend2610/bin/mxmForkFxT 800 4 
/home/estudiante/evalRend2610/bin/mxmForkFxT 800 4 
/home/estudiante/evalRend2610/bin/mxmForkFxT 800 4 
/home/estudiante/evalRend2610/bin/mxmForkFxT 800 4 
/home/estudiante/evalRend2610/bin/mxmForkFxT 800 4 
/home/estudiante/evalRend2610/bin/mxmForkFxT 800 4 
/home/estudiante/evalRend2610/bin/mxmForkFxT 800 4 
/home/estudiante/evalRend2610/bin/mxmForkFxT 800 4 
/home/estudiante/evalRend2610/bin/mxmForkFxT 800 4 
/home/estudiante/evalRend2610/bin/mxmForkFxT 800 4 
/home/estudiante/evalRend2610/bin/mxmForkFxT 800 4 
/home/estudiante/evalRend2610/bin/mxmForkFxT 800 4 
/home/estudiante/evalRend2610/bin/mxmForkFxT 800 4 
/home/estudiante/evalRend2610/Soluciones/mxmForkFxT-1600-Hilos-1.dat 
/home/estudiante/evalRend2610/bin/mxmForkFxT 1600 1 
/home/estudiante/evalRend2610/bin/mxmForkFxT 1600 1 
/home/estudiante/evalRend2610/bin/mxmForkFxT 1600 1 
/home/estudiante/evalRend2610/bin/mxmForkFxT 1600 1 
/home/estudiante/evalRend2610/bin/mxmForkFxT 1600 1 
/home/estudiante/evalRend2610/bin/mxmForkFxT 1600 1 
/home/estudiante/evalRend2610/bin/mxmForkFxT 1600 1 
/home/estudiante/evalRend2610/bin/mxmForkFxT 1600 1 
/home/estudiante/evalRend2610/bin/mxmForkFxT 1600 1 
/home/estudiante/evalRend2610/bin/mxmForkFxT 1600 1 
/home/estudiante/evalRend2610/bin/mxmForkFxT 1600 1 
/home/estudiante/evalRend2610/bin/mxmForkFxT 1600 1 
/home/estudiante/evalRend2610/bin/mxmForkFxT 1600 1 
/home/estudiante/evalRend2610/bin/mxmForkFxT 1600 1 
/home/estudiante/evalRend2610/bin/mxmForkFxT 1600 1 
/home/estudiante/evalRend2610/bin/mxmForkFxT 1600 1 
/home/estudiante/evalRend2610/bin/mxmForkFxT 1600 1 
/home/estudiante/evalRend2610/bin/mxmForkFxT 1600 1 
/home/estudiante/evalRend2610/bin/mxmForkFxT 1600 1 
/home/estudiante/evalRend2610/bin/mxmForkFxT 1600 1 
/home/estudiante/evalRend2610/bin/mxmForkFxT 1600 1 
/home/estudiante/evalRend2610/bin/mxmForkFxT 1600 1 
/home/estudiante/evalRend2610/bin/mxmForkFxT 1600 1 
/home/estudiante/evalRend2610/bin/mxmForkFxT 1600 1 
/home/estudiante/evalRend2610/bin/mxmForkFxT 1600 1 
/home/estudiante/evalRend2610/bin/mxmForkFxT 1600 1 
/home/estudiante/evalRend2610/bin/mxmForkFxT 1600 1 
/home/estudiante/evalRend2610/bin/mxmForkFxT 1600 1 
/home/estudiante/evalRend2610/bin/mxmForkFxT 1600 1 
/home/estudiante/evalRend2610/bin/mxmForkFxT 1600 1 
/home/estudiante/evalRend2610/Soluciones/mxmForkFxT-1600-Hilos-2.dat 
/home/estudiante/evalRend2610/bin/mxmForkFxT 1600 2 
/home/estudiante/evalRend2610/bin/mxmForkFxT 1600 2 
/home/estudiante/evalRend2610/bin/mxmForkFxT 1600 2 
/home/estudiante/evalRend2610/bin/mxmForkFxT 1600 2 
/home/estudiante/evalRend2610/bin/mxmForkFxT 1600 2 
/home/estudiante/evalRend2610/bin/mxmForkFxT 1600 2 
/home/estudiante/evalRend2610/bin/mxmForkFxT 1600 2 
/home/estudiante/evalRend2610/bin/mxmForkFxT 1600 2 
/home/estudiante/evalRend2610/bin/mxmForkFxT 1600 2 
/home/estudiante/evalRend2610/bin/mxmForkFxT 1600 2 
/home/estudiante/evalRend2610/bin/mxmForkFxT 1600 2 
/home/estudiante/evalRend2610/bin/mxmForkFxT 1600 2 
/home/estudiante/evalRend2610/bin/mxmForkFxT 1600 2 
/home/estudiante/evalRend2610/bin/mxmForkFxT 1600 2 
/home/estudiante/evalRend2610/bin/mxmForkFxT 1600 2 
/home/estudiante/evalRend2610/bin/mxmForkFxT 1600 2 
/home/estudiante/evalRend2610/bin/mxmForkFxT 1600 2 
/home/estudiante/evalRend2610/bin/mxmForkFxT 1600 2 
/home/estudiante/evalRend2610/bin/mxmForkFxT 1600 2 
/home/estudiante/evalRend2610/bin/mxmForkFxT 1600 2 
/home/estudiante/evalRend2610/bin/mxmForkFxT 1600 2 
/home/estudiante/evalRend2610/bin/mxmForkFxT 1600 2 
/home/estudiante/evalRend2610/bin/mxmForkFxT 1600 2 
/home/estudiante/evalRend2610/bin/mxmForkFxT 1600 2 
/home/estudiante/evalRend2610/bin/mxmForkFxT 1600 2 
/home/estudiante/evalRend2610/bin/mxmForkFxT 1600 2 
/home/estudiante/evalRend2610/bin/mxmForkFxT 1600 2 
/home/estudiante/evalRend2610/bin/mxmForkFxT 1600 2 
/home/estudiante/evalRend2610/bin/mxmForkFxT 1600 2 
/home/estudiante/evalRend2610/bin/mxmForkFxT 1600 2 
/home/estudiante/evalRend2610/Soluciones/mxmForkFxT-1600-Hilos-4.dat 
/home/estudiante/evalRend2610/bin/mxmForkFxT 1600 4 
/home/estudiante/evalRend2610/bin/mxmForkFxT 1600 4 
/home/estudiante/evalRend2610/bin/mxmForkFxT 1600 4 
/home/estudiante/evalRend2610/bin/mxmForkFxT 1600 4 
/home/estudiante/evalRend2610/bin/mxmForkFxT 1600 4 
/home/estudiante/evalRend2610/bin/mxmForkFxT 1600 4 
/home/estudiante/evalRend2610/bin/mxmForkFxT 1600 4 
/home/estudiante/evalRend2610/bin/mxmForkFxT 1600 4 
/home/estudiante/evalRend2610/bin/mxmForkFxT 1600 4 
/home/estudiante/evalRend2610/bin/mxmForkFxT 1600 4 
/home/estudiante/evalRend2610/bin/mxmForkFxT 1600 4 
/home/estudiante/evalRend2610/bin/mxmForkFxT 1600 4 
/home/estudiante/evalRend2610/bin/mxmForkFxT 1600 4 
/home/estudiante/evalRend2610/bin/mxmForkFxT 1600 4 
/home/estudiante/evalRend2610/bin/mxmForkFxT 1600 4 
/home/estudiante/evalRend2610/bin/mxmForkFxT 1600 4 
/home/estudiante/evalRend2610/bin/mxmForkFxT 1600 4 
/home/estudiante/evalRend2610/bin/mxmForkFxT 1600 4 
/home/estudiante/evalRend2610/bin/mxmForkFxT 1600 4 
/home/estudiante/evalRend2610/bin/mxmForkFxT 1600 4 
/home/estudiante/evalRend2610/bin/mxmForkFxT 1600 4 
/home/estudiante/evalRend2610/bin/mxmForkFxT 1600 4 
/home/estudiante/evalRend2610/bin/mxmForkFxT 1600 4 
/home/estudiante/evalRend2610/bin/mxmForkFxT 1600 4 
/home/estudiante/evalRend2610/bin/mxmForkFxT 1600 4 
/home/estudiante/evalRend2610/bin/mxmForkFxT 1600 4 
/home/estudiante/evalRend2610/bin/mxmForkFxT 1600 4 
/home/estudiante/evalRend2610/bin/mxmForkFxT 1600 4 
/home/estudiante/evalRend2610/bin/mxmForkFxT 1600 4 
/home/estudiante/evalRend2610/bin/mxmForkFxT 1600 4 
/home/estudiante/evalRend2610/Soluciones/mxmForkFxT-3200-Hilos-1.dat 
/home/estudiante/evalRend2610/bin/mxmForkFxT 3200 1 
/home/estudiante/evalRend2610/bin/mxmForkFxT 3200 1 
/home/estudiante/evalRend2610/bin/mxmForkFxT 3200 1 
/home/estudiante/evalRend2610/bin/mxmForkFxT 3200 1 
/home/estudiante/evalRend2610/bin/mxmForkFxT 3200 1 
/home/estudiante/evalRend2610/bin/mxmForkFxT 3200 1 
/home/estudiante/evalRend2610/bin/mxmForkFxT 3200 1 
/home/estudiante/evalRend2610/bin/mxmForkFxT 3200 1 
/home/estudiante/evalRend2610/bin/mxmForkFxT 3200 1 
/home/estudiante/evalRend2610/bin/mxmForkFxT 3200 1 
/home/estudiante/evalRend2610/bin/mxmForkFxT 3200 1 
/home/estudiante/evalRend2610/bin/mxmForkFxT 3200 1 
/home/estudiante/evalRend2610/bin/mxmForkFxT 3200 1 
/home/estudiante/evalRend2610/bin/mxmForkFxT 3200 1 
/home/estudiante/evalRend2610/bin/mxmForkFxT 3200 1 
/home/estudiante/evalRend2610/bin/mxmForkFxT 3200 1 
/home/estudiante/evalRend2610/bin/mxmForkFxT 3200 1 
/home/estudiante/evalRend2610/bin/mxmForkFxT 3200 1 
/home/estudiante/evalRend2610/bin/mxmForkFxT 3200 1 
/home/estudiante/evalRend2610/bin/mxmForkFxT 3200 1 
/home/estudiante/evalRend2610/bin/mxmForkFxT 3200 1 
/home/estudiante/evalRend2610/bin/mxmForkFxT 3200 1 
/home/estudiante/evalRend2610/bin/mxmForkFxT 3200 1 
/home/estudiante/evalRend2610/bin/mxmForkFxT 3200 1 
/home/estudiante/evalRend2610/bin/mxmForkFxT 3200 1 
/home/estudiante/evalRend2610/bin/mxmForkFxT 3200 1 
/home/estudiante/evalRend2610/bin/mxmForkFxT 3200 1 
/home/estudiante/evalRend2610/bin/mxmForkFxT 3200 1 
/home/estudiante/evalRend2610/bin/mxmForkFxT 3200 1 
/home/estudiante/evalRend2610/bin/mxmForkFxT 3200 1 
/home/estudiante/evalRend2610/Soluciones/mxmForkFxT-3200-Hilos-2.dat 
/home/estudiante/evalRend2610/bin/mxmForkFxT 3200 2 
/home/estudiante/evalRend2610/bin/mxmForkFxT 3200 2 
/home/estudiante/evalRend2610/bin/mxmForkFxT 3200 2 
/home/estudiante/evalRend2610/bin/mxmForkFxT 3200 2 
/home/estudiante/evalRend2610/bin/mxmForkFxT 3200 2 
/home/estudiante/evalRend2610/bin/mxmForkFxT 3200 2 
/home/estudiante/evalRend2610/bin/mxmForkFxT 3200 2 
/home/estudiante/evalRend2610/bin/mxmForkFxT 3200 2 
/home/estudiante/evalRend2610/bin/mxmForkFxT 3200 2 
/home/estudiante/evalRend2610/bin/mxmForkFxT 3200 2 
/home/estudiante/evalRend2610/bin/mxmForkFxT 3200 2 
/home/estudiante/evalRend2610/bin/mxmForkFxT 3200 2 
/home/estudiante/evalRend2610/bin/mxmForkFxT 3200 2 
/home/estudiante/evalRend2610/bin/mxmForkFxT 3200 2 
/home/estudiante/evalRend2610/bin/mxmForkFxT 3200 2 
/home/estudiante/evalRend2610/bin/mxmForkFxT 3200 2 
/home/estudiante/evalRend2610/bin/mxmForkFxT 3200 2 
/home/estudiante/evalRend2610/bin/mxmForkFxT 3200 2 
/home/estudiante/evalRend2610/bin/mxmForkFxT 3200 2 
/home/estudiante/evalRend2610/bin/mxmForkFxT 3200 2 
/home/estudiante/evalRend2610/bin/mxmForkFxT 3200 2 
/home/estudiante/evalRend2610/bin/mxmForkFxT 3200 2 
/home/estudiante/evalRend2610/bin/mxmForkFxT 3200 2 
/home/estudiante/evalRend2610/bin/mxmForkFxT 3200 2 
/home/estudiante/evalRend2610/bin/mxmForkFxT 3200 2 
/home/estudiante/evalRend2610/bin/mxmForkFxT 3200 2 
/home/estudiante/evalRend2610/bin/mxmForkFxT 3200 2 
/home/estudiante/evalRend2610/bin/mxmForkFxT 3200 2 
/home/estudiante/evalRend2610/bin/mxmForkFxT 3200 2 
/home/estudiante/evalRend2610/bin/mxmForkFxT 3200 2 
/home/estudiante/evalRend2610/Soluciones/mxmForkFxT-3200-Hilos-4.dat 
/home/estudiante/evalRend2610/bin/mxmForkFxT 3200 4 
/home/estudiante/evalRend2610/bin/mxmForkFxT 3200 4 
/home/estudiante/evalRend2610/bin/mxmForkFxT 3200 4 
/home/estudiante/evalRend2610/bin/mxmForkFxT 3200 4 
/home/estudiante/evalRend2610/bin/mxmForkFxT 3200 4 
/home/estudiante/evalRend2610/bin/mxmForkFxT 3200 4 
/home/estudiante/evalRend2610/bin/mxmForkFxT 3200 4 
/home/estudiante/evalRend2610/bin/mxmForkFxT 3200 4 
/home/estudiante/evalRend2610/bin/mxmForkFxT 3200 4 
/home/estudiante/evalRend2610/bin/mxmForkFxT 3200 4 
/home/estudiante/evalRend2610/bin/mxmForkFxT 3200 4 
/home/estudiante/evalRend2610/bin/mxmForkFxT 3200 4 
/home/estudiante/evalRend2610/bin/mxmForkFxT 3200 4 
/home/estudiante/evalRend2610/bin/mxmForkFxT 3200 4 
/home/estudiante/evalRend2610/bin/mxmForkFxT 3200 4 
/home/estudiante/evalRend2610/bin/mxmForkFxT 3200 4 
/home/estudiante/evalRend2610/bin/mxmForkFxT 3200 4 
/home/estudiante/evalRend2610/bin/mxmForkFxT 3200 4 
/home/estudiante/evalRend2610/bin/mxmForkFxT 3200 4 
/home/estudiante/evalRend2610/bin/mxmForkFxT 3200 4 
/home/estudiante/evalRend2610/bin/mxmForkFxT 3200 4 
/home/estudiante/evalRend2610/bin/mxmForkFxT 3200 4 
/home/estudiante/evalRend2610/bin/mxmForkFxT 3200 4 
/home/estudiante/evalRend2610/bin/mxmForkFxT 3200 4 
/home/estudiante/evalRend2610/bin/mxmForkFxT 3200 4 
/home/estudiante/evalRend2610/bin/mxmForkFxT 3200 4 
/home/estudiante/evalRend2610/bin/mxmForkFxT 3200 4 
/home/estudiante/evalRend2610/bin/mxmForkFxT 3200 4 
/home/estudiante/evalRend2610/bin/mxmForkFxT 3200 4 
/home/estudiante/evalRend2610/bin/mxmForkFxT 3200 4 
